<?xml version="1.0" encoding="UTF-8"?><testrun name="CommentControllerTest" project="backend" tests="6" started="6" failures="1" errors="0" ignored="0">
  <testsuite name="com.novelsbr.backend.controllers.CommentControllerTest" time="5.014" displayname="CommentControllerTest" uniqueid="[engine:junit-jupiter]/[class:com.novelsbr.backend.controllers.CommentControllerTest]">
    <testcase name="preparingTestEnvironment" classname="com.novelsbr.backend.controllers.CommentControllerTest" time="1.665" displayname="preparingTestEnvironment()" uniqueid="[engine:junit-jupiter]/[class:com.novelsbr.backend.controllers.CommentControllerTest]/[method:preparingTestEnvironment()]"/>
    <testcase name="save" classname="com.novelsbr.backend.controllers.CommentControllerTest" time="2.281" displayname="save()" uniqueid="[engine:junit-jupiter]/[class:com.novelsbr.backend.controllers.CommentControllerTest]/[method:save()]"/>
    <testcase name="findAll" classname="com.novelsbr.backend.controllers.CommentControllerTest" time="0.135" displayname="findAll()" uniqueid="[engine:junit-jupiter]/[class:com.novelsbr.backend.controllers.CommentControllerTest]/[method:findAll()]"/>
    <testcase name="findAllNovelsCommentsByNovelId" classname="com.novelsbr.backend.controllers.CommentControllerTest" time="0.254" displayname="findAllNovelsCommentsByNovelId()" uniqueid="[engine:junit-jupiter]/[class:com.novelsbr.backend.controllers.CommentControllerTest]/[method:findAllNovelsCommentsByNovelId()]"/>
    <testcase name="findAllChaptersCommentsByNovelId" classname="com.novelsbr.backend.controllers.CommentControllerTest" time="0.198" displayname="findAllChaptersCommentsByNovelId()" uniqueid="[engine:junit-jupiter]/[class:com.novelsbr.backend.controllers.CommentControllerTest]/[method:findAllChaptersCommentsByNovelId()]"/>
    <testcase name="update" classname="com.novelsbr.backend.controllers.CommentControllerTest" time="0.44" displayname="update()" uniqueid="[engine:junit-jupiter]/[class:com.novelsbr.backend.controllers.CommentControllerTest]/[method:update()]">
      <failure>java.lang.AssertionError: Status expected:&lt;201&gt; but was:&lt;403&gt;&#13;
	at org.springframework.test.util.AssertionErrors.fail(AssertionErrors.java:61)&#13;
	at org.springframework.test.util.AssertionErrors.assertEquals(AssertionErrors.java:128)&#13;
	at org.springframework.test.web.servlet.result.StatusResultMatchers.lambda$matcher$9(StatusResultMatchers.java:640)&#13;
	at org.springframework.test.web.servlet.MockMvc$1.andExpect(MockMvc.java:214)&#13;
	at com.novelsbr.backend.controllers.CommentControllerTest.update(CommentControllerTest.java:211)&#13;
	at java.base/java.lang.reflect.Method.invoke(Method.java:568)&#13;
	at java.base/java.util.ArrayList.forEach(ArrayList.java:1511)&#13;
	at java.base/java.util.ArrayList.forEach(ArrayList.java:1511)&#13;
&#13;
</failure>
    </testcase>
  </testsuite>
</testrun>
