<?xml version="1.0" encoding="UTF-8"?><testrun name="NovelControllerTest" project="backend" tests="7" started="7" failures="1" errors="0" ignored="0">
  <testsuite name="com.novelsbr.backend.controllers.NovelControllerTest" time="4.345" displayname="NovelControllerTest" uniqueid="[engine:junit-jupiter]/[class:com.novelsbr.backend.controllers.NovelControllerTest]">
    <testcase name="preparingTestEnvironment" classname="com.novelsbr.backend.controllers.NovelControllerTest" time="1.731" displayname="preparingTestEnvironment()" uniqueid="[engine:junit-jupiter]/[class:com.novelsbr.backend.controllers.NovelControllerTest]/[method:preparingTestEnvironment()]"/>
    <testcase name="getToken" classname="com.novelsbr.backend.controllers.NovelControllerTest" time="0.478" displayname="getToken()" uniqueid="[engine:junit-jupiter]/[class:com.novelsbr.backend.controllers.NovelControllerTest]/[method:getToken()]"/>
    <testcase name="findAll" classname="com.novelsbr.backend.controllers.NovelControllerTest" time="0.304" displayname="findAll()" uniqueid="[engine:junit-jupiter]/[class:com.novelsbr.backend.controllers.NovelControllerTest]/[method:findAll()]"/>
    <testcase name="save" classname="com.novelsbr.backend.controllers.NovelControllerTest" time="1.217" displayname="save()" uniqueid="[engine:junit-jupiter]/[class:com.novelsbr.backend.controllers.NovelControllerTest]/[method:save()]"/>
    <testcase name="findNovelCards" classname="com.novelsbr.backend.controllers.NovelControllerTest" time="0.206" displayname="findNovelCards()" uniqueid="[engine:junit-jupiter]/[class:com.novelsbr.backend.controllers.NovelControllerTest]/[method:findNovelCards()]"/>
    <testcase name="findNovelInfoByNovelId" classname="com.novelsbr.backend.controllers.NovelControllerTest" time="0.258" displayname="findNovelInfoByNovelId()" uniqueid="[engine:junit-jupiter]/[class:com.novelsbr.backend.controllers.NovelControllerTest]/[method:findNovelInfoByNovelId()]"/>
    <testcase name="findNovelCardsByUsername" classname="com.novelsbr.backend.controllers.NovelControllerTest" time="0.13" displayname="findNovelCardsByUsername()" uniqueid="[engine:junit-jupiter]/[class:com.novelsbr.backend.controllers.NovelControllerTest]/[method:findNovelCardsByUsername()]">
      <failure>java.lang.AssertionError: No value at JSON path "$.username"&#13;
	at org.springframework.test.util.JsonPathExpectationsHelper.evaluateJsonPath(JsonPathExpectationsHelper.java:351)&#13;
	at org.springframework.test.util.JsonPathExpectationsHelper.assertValue(JsonPathExpectationsHelper.java:106)&#13;
	at org.springframework.test.web.servlet.result.JsonPathResultMatchers.lambda$value$0(JsonPathResultMatchers.java:88)&#13;
	at org.springframework.test.web.servlet.MockMvc$1.andExpect(MockMvc.java:214)&#13;
	at com.novelsbr.backend.controllers.NovelControllerTest.findNovelCardsByUsername(NovelControllerTest.java:167)&#13;
	at java.base/java.lang.reflect.Method.invoke(Method.java:568)&#13;
	at java.base/java.util.ArrayList.forEach(ArrayList.java:1511)&#13;
	at java.base/java.util.ArrayList.forEach(ArrayList.java:1511)&#13;
Caused by: com.jayway.jsonpath.PathNotFoundException: Expected to find an object with property ['username'] in path $ but found 'net.minidev.json.JSONArray'. This is not a json object according to the JsonProvider: 'com.jayway.jsonpath.spi.json.JsonSmartJsonProvider'.&#13;
&#13;
</failure>
    </testcase>
  </testsuite>
</testrun>
