<?xml version="1.0" encoding="UTF-8"?><testrun name="ChapterControllerTest" project="backend" tests="7" started="7" failures="1" errors="0" ignored="0">
  <testsuite name="com.novelsbr.backend.controllers.ChapterControllerTest" time="5.888" displayname="ChapterControllerTest" uniqueid="[engine:junit-jupiter]/[class:com.novelsbr.backend.controllers.ChapterControllerTest]">
    <testcase name="preparingTestEnvironment" classname="com.novelsbr.backend.controllers.ChapterControllerTest" time="2.262" displayname="preparingTestEnvironment()" uniqueid="[engine:junit-jupiter]/[class:com.novelsbr.backend.controllers.ChapterControllerTest]/[method:preparingTestEnvironment()]"/>
    <testcase name="save" classname="com.novelsbr.backend.controllers.ChapterControllerTest" time="2.685" displayname="save()" uniqueid="[engine:junit-jupiter]/[class:com.novelsbr.backend.controllers.ChapterControllerTest]/[method:save()]"/>
    <testcase name="findAllNovelsChapterTitleByNovelId" classname="com.novelsbr.backend.controllers.ChapterControllerTest" time="0.123" displayname="findAllNovelsChapterTitleByNovelId()" uniqueid="[engine:junit-jupiter]/[class:com.novelsbr.backend.controllers.ChapterControllerTest]/[method:findAllNovelsChapterTitleByNovelId()]"/>
    <testcase name="findMaxChapterNumberByNovelId" classname="com.novelsbr.backend.controllers.ChapterControllerTest" time="0.359" displayname="findMaxChapterNumberByNovelId()" uniqueid="[engine:junit-jupiter]/[class:com.novelsbr.backend.controllers.ChapterControllerTest]/[method:findMaxChapterNumberByNovelId()]"/>
    <testcase name="findChapterText" classname="com.novelsbr.backend.controllers.ChapterControllerTest" time="0.084" displayname="findChapterText()" uniqueid="[engine:junit-jupiter]/[class:com.novelsbr.backend.controllers.ChapterControllerTest]/[method:findChapterText()]"/>
    <testcase name="findLastChapters" classname="com.novelsbr.backend.controllers.ChapterControllerTest" time="0.058" displayname="findLastChapters()" uniqueid="[engine:junit-jupiter]/[class:com.novelsbr.backend.controllers.ChapterControllerTest]/[method:findLastChapters()]"/>
    <testcase name="chapterPagesByNovel" classname="com.novelsbr.backend.controllers.ChapterControllerTest" time="0.298" displayname="chapterPagesByNovel()" uniqueid="[engine:junit-jupiter]/[class:com.novelsbr.backend.controllers.ChapterControllerTest]/[method:chapterPagesByNovel()]">
      <failure>java.lang.AssertionError: JSON path "$.length()" expected:&lt;3&gt; but was:&lt;2&gt;&#13;
	at org.springframework.test.util.AssertionErrors.fail(AssertionErrors.java:61)&#13;
	at org.springframework.test.util.AssertionErrors.assertEquals(AssertionErrors.java:128)&#13;
	at org.springframework.test.util.JsonPathExpectationsHelper.assertValue(JsonPathExpectationsHelper.java:172)&#13;
	at org.springframework.test.web.servlet.result.JsonPathResultMatchers.lambda$value$2(JsonPathResultMatchers.java:112)&#13;
	at org.springframework.test.web.servlet.MockMvc$1.andExpect(MockMvc.java:214)&#13;
	at com.novelsbr.backend.controllers.ChapterControllerTest.chapterPagesByNovel(ChapterControllerTest.java:243)&#13;
	at java.base/java.lang.reflect.Method.invoke(Method.java:568)&#13;
	at java.base/java.util.ArrayList.forEach(ArrayList.java:1511)&#13;
	at java.base/java.util.ArrayList.forEach(ArrayList.java:1511)&#13;
&#13;
</failure>
    </testcase>
  </testsuite>
</testrun>
