<?xml version="1.0" encoding="UTF-8"?><testrun name="ChapterControllerTest" project="backend" tests="2" started="2" failures="1" errors="0" ignored="0">
  <testsuite name="com.novelsbr.backend.controllers.ChapterControllerTest" time="3.706" displayname="ChapterControllerTest" uniqueid="[engine:junit-jupiter]/[class:com.novelsbr.backend.controllers.ChapterControllerTest]">
    <testcase name="preparingTestEnvironment" classname="com.novelsbr.backend.controllers.ChapterControllerTest" time="2.558" displayname="preparingTestEnvironment()" uniqueid="[engine:junit-jupiter]/[class:com.novelsbr.backend.controllers.ChapterControllerTest]/[method:preparingTestEnvironment()]"/>
    <testcase name="chapterPagesByNovel" classname="com.novelsbr.backend.controllers.ChapterControllerTest" time="1.145" displayname="chapterPagesByNovel()" uniqueid="[engine:junit-jupiter]/[class:com.novelsbr.backend.controllers.ChapterControllerTest]/[method:chapterPagesByNovel()]">
      <failure>java.lang.AssertionError: JSON path "$.length()" expected:&lt;2&gt; but was:&lt;0&gt;&#13;
	at org.springframework.test.util.AssertionErrors.fail(AssertionErrors.java:61)&#13;
	at org.springframework.test.util.AssertionErrors.assertEquals(AssertionErrors.java:128)&#13;
	at org.springframework.test.util.JsonPathExpectationsHelper.assertValue(JsonPathExpectationsHelper.java:172)&#13;
	at org.springframework.test.web.servlet.result.JsonPathResultMatchers.lambda$value$2(JsonPathResultMatchers.java:112)&#13;
	at org.springframework.test.web.servlet.MockMvc$1.andExpect(MockMvc.java:214)&#13;
	at com.novelsbr.backend.controllers.ChapterControllerTest.chapterPagesByNovel(ChapterControllerTest.java:253)&#13;
	at java.base/java.lang.reflect.Method.invoke(Method.java:568)&#13;
	at java.base/java.util.ArrayList.forEach(ArrayList.java:1511)&#13;
	at java.base/java.util.ArrayList.forEach(ArrayList.java:1511)&#13;
&#13;
</failure>
    </testcase>
  </testsuite>
</testrun>
