<?xml version="1.0" encoding="UTF-8"?><testrun name="NovelControllerTest" project="backend" tests="7" started="7" failures="1" errors="1" ignored="0">
  <testsuite name="com.novelsbr.backend.controllers.NovelControllerTest" time="5.005" displayname="NovelControllerTest" uniqueid="[engine:junit-jupiter]/[class:com.novelsbr.backend.controllers.NovelControllerTest]">
    <testcase name="preparingTestEnvironment" classname="com.novelsbr.backend.controllers.NovelControllerTest" time="2.073" displayname="preparingTestEnvironment()" uniqueid="[engine:junit-jupiter]/[class:com.novelsbr.backend.controllers.NovelControllerTest]/[method:preparingTestEnvironment()]"/>
    <testcase name="getToken" classname="com.novelsbr.backend.controllers.NovelControllerTest" time="0.453" displayname="getToken()" uniqueid="[engine:junit-jupiter]/[class:com.novelsbr.backend.controllers.NovelControllerTest]/[method:getToken()]"/>
    <testcase name="findAll" classname="com.novelsbr.backend.controllers.NovelControllerTest" time="0.432" displayname="findAll()" uniqueid="[engine:junit-jupiter]/[class:com.novelsbr.backend.controllers.NovelControllerTest]/[method:findAll()]"/>
    <testcase name="save" classname="com.novelsbr.backend.controllers.NovelControllerTest" time="1.351" displayname="save()" uniqueid="[engine:junit-jupiter]/[class:com.novelsbr.backend.controllers.NovelControllerTest]/[method:save()]"/>
    <testcase name="findNovelCards" classname="com.novelsbr.backend.controllers.NovelControllerTest" time="0.18" displayname="findNovelCards()" uniqueid="[engine:junit-jupiter]/[class:com.novelsbr.backend.controllers.NovelControllerTest]/[method:findNovelCards()]"/>
    <testcase name="findNovelInfoByNovelId" classname="com.novelsbr.backend.controllers.NovelControllerTest" time="0.421" displayname="findNovelInfoByNovelId()" uniqueid="[engine:junit-jupiter]/[class:com.novelsbr.backend.controllers.NovelControllerTest]/[method:findNovelInfoByNovelId()]">
      <failure>java.lang.AssertionError: JSON path "novelId"&#13;
Expected: &lt;5L&gt;&#13;
     but: was &lt;5&gt;&#13;
	at org.hamcrest.MatcherAssert.assertThat(MatcherAssert.java:20)&#13;
	at org.springframework.test.util.JsonPathExpectationsHelper.assertValue(JsonPathExpectationsHelper.java:107)&#13;
	at org.springframework.test.web.servlet.result.JsonPathResultMatchers.lambda$value$0(JsonPathResultMatchers.java:88)&#13;
	at org.springframework.test.web.servlet.MockMvc$1.andExpect(MockMvc.java:214)&#13;
	at com.novelsbr.backend.controllers.NovelControllerTest.findNovelInfoByNovelId(NovelControllerTest.java:191)&#13;
	at java.base/java.lang.reflect.Method.invoke(Method.java:568)&#13;
	at java.base/java.util.ArrayList.forEach(ArrayList.java:1511)&#13;
	at java.base/java.util.ArrayList.forEach(ArrayList.java:1511)&#13;
&#13;
</failure>
    </testcase>
    <testcase name="findNovelCardsByUsername" classname="com.novelsbr.backend.controllers.NovelControllerTest" time="0.083" displayname="findNovelCardsByUsername()" uniqueid="[engine:junit-jupiter]/[class:com.novelsbr.backend.controllers.NovelControllerTest]/[method:findNovelCardsByUsername()]">
      <error>com.jayway.jsonpath.InvalidPathException: Illegal character at position 1 expected '.' or '['&#13;
	at com.jayway.jsonpath.internal.path.PathCompiler.fail(PathCompiler.java:642)&#13;
	at com.jayway.jsonpath.internal.path.PathCompiler.readContextToken(PathCompiler.java:119)&#13;
	at com.jayway.jsonpath.internal.path.PathCompiler.compile(PathCompiler.java:58)&#13;
	at com.jayway.jsonpath.internal.path.PathCompiler.compile(PathCompiler.java:75)&#13;
	at com.jayway.jsonpath.JsonPath.&lt;init&gt;(JsonPath.java:97)&#13;
	at com.jayway.jsonpath.JsonPath.compile(JsonPath.java:515)&#13;
	at org.springframework.test.util.JsonPathExpectationsHelper.&lt;init&gt;(JsonPathExpectationsHelper.java:81)&#13;
	at org.springframework.test.util.JsonPathExpectationsHelper.&lt;init&gt;(JsonPathExpectationsHelper.java:68)&#13;
	at org.springframework.test.web.servlet.result.JsonPathResultMatchers.&lt;init&gt;(JsonPathResultMatchers.java:64)&#13;
	at org.springframework.test.web.servlet.result.MockMvcResultMatchers.jsonPath(MockMvcResultMatchers.java:210)&#13;
	at com.novelsbr.backend.controllers.NovelControllerTest.findNovelCardsByUsername(NovelControllerTest.java:169)&#13;
	at java.base/java.lang.reflect.Method.invoke(Method.java:568)&#13;
	at java.base/java.util.ArrayList.forEach(ArrayList.java:1511)&#13;
	at java.base/java.util.ArrayList.forEach(ArrayList.java:1511)&#13;
&#13;
</error>
    </testcase>
  </testsuite>
</testrun>
