<?xml version="1.0" encoding="UTF-8"?><testrun name="java" project="backend" tests="22" started="22" failures="1" errors="1" ignored="0">
  <testsuite name="com.novelsbr.backend.BackendApplicationTests" time="2.388" displayname="BackendApplicationTests" uniqueid="[engine:junit-jupiter]/[class:com.novelsbr.backend.BackendApplicationTests]">
    <testcase name="contextLoads" classname="com.novelsbr.backend.BackendApplicationTests" time="2.388" displayname="contextLoads()" uniqueid="[engine:junit-jupiter]/[class:com.novelsbr.backend.BackendApplicationTests]/[method:contextLoads()]"/>
  </testsuite>
  <testsuite name="com.novelsbr.backend.services.GenderServiceTest" time="3.193" displayname="GenderServiceTest" uniqueid="[engine:junit-jupiter]/[class:com.novelsbr.backend.services.GenderServiceTest]">
    <testcase name="save" classname="com.novelsbr.backend.services.GenderServiceTest" time="3.193" displayname="save()" uniqueid="[engine:junit-jupiter]/[class:com.novelsbr.backend.services.GenderServiceTest]/[method:save()]"/>
  </testsuite>
  <testsuite name="com.novelsbr.backend.services.AuthorServiceTest" time="0.667" displayname="AuthorServiceTest" uniqueid="[engine:junit-jupiter]/[class:com.novelsbr.backend.services.AuthorServiceTest]">
    <testcase name="save" classname="com.novelsbr.backend.services.AuthorServiceTest" time="0.667" displayname="save()" uniqueid="[engine:junit-jupiter]/[class:com.novelsbr.backend.services.AuthorServiceTest]/[method:save()]"/>
  </testsuite>
  <testsuite name="com.novelsbr.backend.services.NovelServiceTest" time="0.387" displayname="NovelServiceTest" uniqueid="[engine:junit-jupiter]/[class:com.novelsbr.backend.services.NovelServiceTest]">
    <testcase name="preparingTestEnvironment" classname="com.novelsbr.backend.services.NovelServiceTest" time="0.306" displayname="preparingTestEnvironment()" uniqueid="[engine:junit-jupiter]/[class:com.novelsbr.backend.services.NovelServiceTest]/[method:preparingTestEnvironment()]"/>
    <testcase name="save" classname="com.novelsbr.backend.services.NovelServiceTest" time="0.046" displayname="save()" uniqueid="[engine:junit-jupiter]/[class:com.novelsbr.backend.services.NovelServiceTest]/[method:save()]"/>
    <testcase name="findAll" classname="com.novelsbr.backend.services.NovelServiceTest" time="0.03" displayname="findAll()" uniqueid="[engine:junit-jupiter]/[class:com.novelsbr.backend.services.NovelServiceTest]/[method:findAll()]"/>
  </testsuite>
  <testsuite name="com.novelsbr.backend.services.ChapterServiceTest" time="0.445" displayname="ChapterServiceTest" uniqueid="[engine:junit-jupiter]/[class:com.novelsbr.backend.services.ChapterServiceTest]">
    <testcase name="preparingTestEnvironment" classname="com.novelsbr.backend.services.ChapterServiceTest" time="0.373" displayname="preparingTestEnvironment()" uniqueid="[engine:junit-jupiter]/[class:com.novelsbr.backend.services.ChapterServiceTest]/[method:preparingTestEnvironment()]"/>
    <testcase name="save" classname="com.novelsbr.backend.services.ChapterServiceTest" time="0.065" displayname="save()" uniqueid="[engine:junit-jupiter]/[class:com.novelsbr.backend.services.ChapterServiceTest]/[method:save()]"/>
  </testsuite>
  <testsuite name="com.novelsbr.backend.controllers.ChapterControllerTest" time="3.312" displayname="ChapterControllerTest" uniqueid="[engine:junit-jupiter]/[class:com.novelsbr.backend.controllers.ChapterControllerTest]">
    <testcase name="preparingTestEnvironment" classname="com.novelsbr.backend.controllers.ChapterControllerTest" time="0.366" displayname="preparingTestEnvironment()" uniqueid="[engine:junit-jupiter]/[class:com.novelsbr.backend.controllers.ChapterControllerTest]/[method:preparingTestEnvironment()]"/>
    <testcase name="getToken" classname="com.novelsbr.backend.controllers.ChapterControllerTest" time="1.602" displayname="getToken()" uniqueid="[engine:junit-jupiter]/[class:com.novelsbr.backend.controllers.ChapterControllerTest]/[method:getToken()]">
      <error>org.springframework.security.authentication.InternalAuthenticationServiceException: Query did not return a unique result: 2 results were returned&#13;
	at org.springframework.security.authentication.dao.DaoAuthenticationProvider.retrieveUser(DaoAuthenticationProvider.java:122)&#13;
	at org.springframework.security.authentication.dao.AbstractUserDetailsAuthenticationProvider.authenticate(AbstractUserDetailsAuthenticationProvider.java:133)&#13;
	at org.springframework.security.authentication.ProviderManager.authenticate(ProviderManager.java:182)&#13;
	at com.novelsbr.backend.controllers.ChapterControllerTest.getToken(ChapterControllerTest.java:118)&#13;
	at java.base/java.lang.reflect.Method.invoke(Method.java:568)&#13;
	at java.base/java.util.ArrayList.forEach(ArrayList.java:1511)&#13;
	at java.base/java.util.ArrayList.forEach(ArrayList.java:1511)&#13;
Caused by: org.springframework.dao.IncorrectResultSizeDataAccessException: Query did not return a unique result: 2 results were returned&#13;
	at org.springframework.orm.jpa.vendor.HibernateJpaDialect.convertHibernateAccessException(HibernateJpaDialect.java:301)&#13;
	at org.springframework.orm.jpa.vendor.HibernateJpaDialect.translateExceptionIfPossible(HibernateJpaDialect.java:244)&#13;
	at org.springframework.orm.jpa.AbstractEntityManagerFactoryBean.translateExceptionIfPossible(AbstractEntityManagerFactoryBean.java:560)&#13;
	at org.springframework.dao.support.ChainedPersistenceExceptionTranslator.translateExceptionIfPossible(ChainedPersistenceExceptionTranslator.java:61)&#13;
	at org.springframework.dao.support.DataAccessUtils.translateIfNecessary(DataAccessUtils.java:343)&#13;
	at org.springframework.dao.support.PersistenceExceptionTranslationInterceptor.invoke(PersistenceExceptionTranslationInterceptor.java:160)&#13;
	at org.springframework.aop.framework.ReflectiveMethodInvocation.proceed(ReflectiveMethodInvocation.java:184)&#13;
	at org.springframework.data.jpa.repository.support.CrudMethodMetadataPostProcessor$CrudMethodMetadataPopulatingMethodInterceptor.invoke(CrudMethodMetadataPostProcessor.java:136)&#13;
	at org.springframework.aop.framework.ReflectiveMethodInvocation.proceed(ReflectiveMethodInvocation.java:184)&#13;
	at org.springframework.aop.framework.JdkDynamicAopProxy.invoke(JdkDynamicAopProxy.java:223)&#13;
	at jdk.proxy2/jdk.proxy2.$Proxy141.findByUsername(Unknown Source)&#13;
	at com.novelsbr.backend.services.AuthorDetailsService.loadUserByUsername(AuthorDetailsService.java:19)&#13;
	at org.springframework.security.authentication.dao.DaoAuthenticationProvider.retrieveUser(DaoAuthenticationProvider.java:107)&#13;
	... 6 more&#13;
Caused by: org.hibernate.NonUniqueResultException: Query did not return a unique result: 2 results were returned&#13;
	at org.hibernate.query.spi.AbstractSelectionQuery.uniqueElement(AbstractSelectionQuery.java:298)&#13;
	at org.hibernate.query.spi.AbstractSelectionQuery.getSingleResult(AbstractSelectionQuery.java:281)&#13;
	at java.base/jdk.internal.reflect.NativeMethodAccessorImpl.invoke0(Native Method)&#13;
	at java.base/jdk.internal.reflect.NativeMethodAccessorImpl.invoke(NativeMethodAccessorImpl.java:77)&#13;
	at java.base/jdk.internal.reflect.DelegatingMethodAccessorImpl.invoke(DelegatingMethodAccessorImpl.java:43)&#13;
	at java.base/java.lang.reflect.Method.invoke(Method.java:568)&#13;
	at org.springframework.orm.jpa.SharedEntityManagerCreator$DeferredQueryInvocationHandler.invoke(SharedEntityManagerCreator.java:419)&#13;
	at jdk.proxy2/jdk.proxy2.$Proxy176.getSingleResult(Unknown Source)&#13;
	at org.springframework.data.jpa.repository.query.JpaQueryExecution$SingleEntityExecution.doExecute(JpaQueryExecution.java:224)&#13;
	at org.springframework.data.jpa.repository.query.JpaQueryExecution.execute(JpaQueryExecution.java:93)&#13;
	at org.springframework.data.jpa.repository.query.AbstractJpaQuery.doExecute(AbstractJpaQuery.java:152)&#13;
	at org.springframework.data.jpa.repository.query.AbstractJpaQuery.execute(AbstractJpaQuery.java:140)&#13;
	at org.springframework.data.repository.core.support.RepositoryMethodInvoker.doInvoke(RepositoryMethodInvoker.java:170)&#13;
	at org.springframework.data.repository.core.support.RepositoryMethodInvoker.invoke(RepositoryMethodInvoker.java:158)&#13;
	at org.springframework.data.repository.core.support.QueryExecutorMethodInterceptor.doInvoke(QueryExecutorMethodInterceptor.java:170)&#13;
	at org.springframework.data.repository.core.support.QueryExecutorMethodInterceptor.invoke(QueryExecutorMethodInterceptor.java:149)&#13;
	at org.springframework.aop.framework.ReflectiveMethodInvocation.proceed(ReflectiveMethodInvocation.java:184)&#13;
	at org.springframework.data.projection.DefaultMethodInvokingMethodInterceptor.invoke(DefaultMethodInvokingMethodInterceptor.java:69)&#13;
	at org.springframework.aop.framework.ReflectiveMethodInvocation.proceed(ReflectiveMethodInvocation.java:184)&#13;
	at org.springframework.transaction.interceptor.TransactionAspectSupport.invokeWithinTransaction(TransactionAspectSupport.java:380)&#13;
	at org.springframework.transaction.interceptor.TransactionInterceptor.invoke(TransactionInterceptor.java:119)&#13;
	at org.springframework.aop.framework.ReflectiveMethodInvocation.proceed(ReflectiveMethodInvocation.java:184)&#13;
	at org.springframework.dao.support.PersistenceExceptionTranslationInterceptor.invoke(PersistenceExceptionTranslationInterceptor.java:138)&#13;
	... 13 more&#13;
&#13;
</error>
    </testcase>
    <testcase name="save" classname="com.novelsbr.backend.controllers.ChapterControllerTest" time="1.327" displayname="save()" uniqueid="[engine:junit-jupiter]/[class:com.novelsbr.backend.controllers.ChapterControllerTest]/[method:save()]">
      <failure>java.lang.AssertionError: Status expected:&lt;201&gt; but was:&lt;403&gt;&#13;
	at org.springframework.test.util.AssertionErrors.fail(AssertionErrors.java:61)&#13;
	at org.springframework.test.util.AssertionErrors.assertEquals(AssertionErrors.java:128)&#13;
	at org.springframework.test.web.servlet.result.StatusResultMatchers.lambda$matcher$9(StatusResultMatchers.java:640)&#13;
	at org.springframework.test.web.servlet.MockMvc$1.andExpect(MockMvc.java:214)&#13;
	at com.novelsbr.backend.controllers.ChapterControllerTest.save(ChapterControllerTest.java:142)&#13;
	at java.base/java.lang.reflect.Method.invoke(Method.java:568)&#13;
	at java.base/java.util.ArrayList.forEach(ArrayList.java:1511)&#13;
	at java.base/java.util.ArrayList.forEach(ArrayList.java:1511)&#13;
&#13;
</failure>
    </testcase>
  </testsuite>
  <testsuite name="com.novelsbr.backend.controllers.GenderControllerTest" time="2.643" displayname="GenderControllerTest" uniqueid="[engine:junit-jupiter]/[class:com.novelsbr.backend.controllers.GenderControllerTest]">
    <testcase name="preparingTestEnvironment" classname="com.novelsbr.backend.controllers.GenderControllerTest" time="0.124" displayname="preparingTestEnvironment()" uniqueid="[engine:junit-jupiter]/[class:com.novelsbr.backend.controllers.GenderControllerTest]/[method:preparingTestEnvironment()]"/>
    <testcase name="getToken" classname="com.novelsbr.backend.controllers.GenderControllerTest" time="0.743" displayname="getToken()" uniqueid="[engine:junit-jupiter]/[class:com.novelsbr.backend.controllers.GenderControllerTest]/[method:getToken()]"/>
    <testcase name="findAll" classname="com.novelsbr.backend.controllers.GenderControllerTest" time="1.77" displayname="findAll()" uniqueid="[engine:junit-jupiter]/[class:com.novelsbr.backend.controllers.GenderControllerTest]/[method:findAll()]"/>
  </testsuite>
  <testsuite name="com.novelsbr.backend.controllers.NovelControllerTest" time="1.733" displayname="NovelControllerTest" uniqueid="[engine:junit-jupiter]/[class:com.novelsbr.backend.controllers.NovelControllerTest]">
    <testcase name="preparingTestEnvironment" classname="com.novelsbr.backend.controllers.NovelControllerTest" time="0.164" displayname="preparingTestEnvironment()" uniqueid="[engine:junit-jupiter]/[class:com.novelsbr.backend.controllers.NovelControllerTest]/[method:preparingTestEnvironment()]"/>
    <testcase name="getToken" classname="com.novelsbr.backend.controllers.NovelControllerTest" time="0.468" displayname="getToken()" uniqueid="[engine:junit-jupiter]/[class:com.novelsbr.backend.controllers.NovelControllerTest]/[method:getToken()]"/>
    <testcase name="findAll" classname="com.novelsbr.backend.controllers.NovelControllerTest" time="0.037" displayname="findAll()" uniqueid="[engine:junit-jupiter]/[class:com.novelsbr.backend.controllers.NovelControllerTest]/[method:findAll()]"/>
    <testcase name="save" classname="com.novelsbr.backend.controllers.NovelControllerTest" time="1.032" displayname="save()" uniqueid="[engine:junit-jupiter]/[class:com.novelsbr.backend.controllers.NovelControllerTest]/[method:save()]"/>
  </testsuite>
  <testsuite name="com.novelsbr.backend.controllers.AuthControllerTest" time="1.122" displayname="AuthControllerTest" uniqueid="[engine:junit-jupiter]/[class:com.novelsbr.backend.controllers.AuthControllerTest]">
    <testcase name="save" classname="com.novelsbr.backend.controllers.AuthControllerTest" time="0.921" displayname="save()" uniqueid="[engine:junit-jupiter]/[class:com.novelsbr.backend.controllers.AuthControllerTest]/[method:save()]"/>
    <testcase name="login" classname="com.novelsbr.backend.controllers.AuthControllerTest" time="0.199" displayname="login()" uniqueid="[engine:junit-jupiter]/[class:com.novelsbr.backend.controllers.AuthControllerTest]/[method:login()]"/>
  </testsuite>
  <testsuite name="com.novelsbr.backend.controllers.AuthorControllerTest" time="0.188" displayname="AuthorControllerTest" uniqueid="[engine:junit-jupiter]/[class:com.novelsbr.backend.controllers.AuthorControllerTest]">
    <testcase name="deleteAll" classname="com.novelsbr.backend.controllers.AuthorControllerTest" time="0.021" displayname="deleteAll()" uniqueid="[engine:junit-jupiter]/[class:com.novelsbr.backend.controllers.AuthorControllerTest]/[method:deleteAll()]"/>
    <testcase name="save" classname="com.novelsbr.backend.controllers.AuthorControllerTest" time="0.165" displayname="save()" uniqueid="[engine:junit-jupiter]/[class:com.novelsbr.backend.controllers.AuthorControllerTest]/[method:save()]"/>
  </testsuite>
</testrun>
