<?xml version="1.0" encoding="UTF-8"?><testrun name="NovelControllerTest" project="backend" tests="7" started="7" failures="2" errors="0" ignored="0">
  <testsuite name="com.novelsbr.backend.controllers.NovelControllerTest" time="5.669" displayname="NovelControllerTest" uniqueid="[engine:junit-jupiter]/[class:com.novelsbr.backend.controllers.NovelControllerTest]">
    <testcase name="preparingTestEnvironment" classname="com.novelsbr.backend.controllers.NovelControllerTest" time="2.17" displayname="preparingTestEnvironment()" uniqueid="[engine:junit-jupiter]/[class:com.novelsbr.backend.controllers.NovelControllerTest]/[method:preparingTestEnvironment()]"/>
    <testcase name="getToken" classname="com.novelsbr.backend.controllers.NovelControllerTest" time="0.621" displayname="getToken()" uniqueid="[engine:junit-jupiter]/[class:com.novelsbr.backend.controllers.NovelControllerTest]/[method:getToken()]"/>
    <testcase name="findAll" classname="com.novelsbr.backend.controllers.NovelControllerTest" time="0.5" displayname="findAll()" uniqueid="[engine:junit-jupiter]/[class:com.novelsbr.backend.controllers.NovelControllerTest]/[method:findAll()]"/>
    <testcase name="save" classname="com.novelsbr.backend.controllers.NovelControllerTest" time="1.58" displayname="save()" uniqueid="[engine:junit-jupiter]/[class:com.novelsbr.backend.controllers.NovelControllerTest]/[method:save()]"/>
    <testcase name="findNovelCards" classname="com.novelsbr.backend.controllers.NovelControllerTest" time="0.22" displayname="findNovelCards()" uniqueid="[engine:junit-jupiter]/[class:com.novelsbr.backend.controllers.NovelControllerTest]/[method:findNovelCards()]"/>
    <testcase name="findNovelInfoByNovelId" classname="com.novelsbr.backend.controllers.NovelControllerTest" time="0.412" displayname="findNovelInfoByNovelId()" uniqueid="[engine:junit-jupiter]/[class:com.novelsbr.backend.controllers.NovelControllerTest]/[method:findNovelInfoByNovelId()]">
      <failure>java.lang.AssertionError: JSON path "$.novelId"&#13;
Expected: &lt;5L&gt;&#13;
     but: was &lt;5&gt;&#13;
	at org.hamcrest.MatcherAssert.assertThat(MatcherAssert.java:20)&#13;
	at org.springframework.test.util.JsonPathExpectationsHelper.assertValue(JsonPathExpectationsHelper.java:107)&#13;
	at org.springframework.test.web.servlet.result.JsonPathResultMatchers.lambda$value$0(JsonPathResultMatchers.java:88)&#13;
	at org.springframework.test.web.servlet.MockMvc$1.andExpect(MockMvc.java:214)&#13;
	at com.novelsbr.backend.controllers.NovelControllerTest.findNovelInfoByNovelId(NovelControllerTest.java:191)&#13;
	at java.base/java.lang.reflect.Method.invoke(Method.java:568)&#13;
	at java.base/java.util.ArrayList.forEach(ArrayList.java:1511)&#13;
	at java.base/java.util.ArrayList.forEach(ArrayList.java:1511)&#13;
&#13;
</failure>
    </testcase>
    <testcase name="findNovelCardsByUsername" classname="com.novelsbr.backend.controllers.NovelControllerTest" time="0.154" displayname="findNovelCardsByUsername()" uniqueid="[engine:junit-jupiter]/[class:com.novelsbr.backend.controllers.NovelControllerTest]/[method:findNovelCardsByUsername()]">
      <failure>java.lang.AssertionError: No value at JSON path "$.novelId"&#13;
	at org.springframework.test.util.JsonPathExpectationsHelper.evaluateJsonPath(JsonPathExpectationsHelper.java:351)&#13;
	at org.springframework.test.util.JsonPathExpectationsHelper.assertValue(JsonPathExpectationsHelper.java:106)&#13;
	at org.springframework.test.web.servlet.result.JsonPathResultMatchers.lambda$value$0(JsonPathResultMatchers.java:88)&#13;
	at org.springframework.test.web.servlet.MockMvc$1.andExpect(MockMvc.java:214)&#13;
	at com.novelsbr.backend.controllers.NovelControllerTest.findNovelCardsByUsername(NovelControllerTest.java:169)&#13;
	at java.base/java.lang.reflect.Method.invoke(Method.java:568)&#13;
	at java.base/java.util.ArrayList.forEach(ArrayList.java:1511)&#13;
	at java.base/java.util.ArrayList.forEach(ArrayList.java:1511)&#13;
Caused by: com.jayway.jsonpath.PathNotFoundException: Expected to find an object with property ['novelId'] in path $ but found 'net.minidev.json.JSONArray'. This is not a json object according to the JsonProvider: 'com.jayway.jsonpath.spi.json.JsonSmartJsonProvider'.&#13;
&#13;
</failure>
    </testcase>
  </testsuite>
</testrun>
