<?xml version="1.0" encoding="UTF-8"?>
<testsuite xmlns:xsi="http://www.w3.org/2001/XMLSchema-instance" xsi:noNamespaceSchemaLocation="https://maven.apache.org/surefire/maven-surefire-plugin/xsd/surefire-test-report.xsd" version="3.0.2" name="com.novelsbr.backend.controllers.AuthControllerTest" time="4.871" tests="2" errors="1" skipped="0" failures="1">
  <properties>
[...]
</properties>
  <testcase name="save" classname="com.novelsbr.backend.controllers.AuthControllerTest" time="0.155">
    <error message="could not execute statement [Referential integrity constraint violation: &quot;FKHPVQ0GSFE3OJ63L3SWGHVW9RF: PUBLIC.TBL_CHAPTER FOREIGN KEY(NOVEL_ID) REFERENCES PUBLIC.TBL_NOVEL(ID) (CAST(1 AS BIGINT))&quot;; SQL statement:&#10;delete from tbl_novel where id=? [23503-232]] [delete from tbl_novel where id=?]; SQL [delete from tbl_novel where id=?]; constraint [FKHPVQ0GSFE3OJ63L3SWGHVW9RF: PUBLIC.TBL_CHAPTER FOREIGN KEY(NOVEL_ID) REFERENCES PUBLIC.TBL_NOVEL(ID) (CAST(1 AS BIGINT)); SQL statement:&#10;delete from tbl_novel where id=? [23503-232]]" type="org.springframework.dao.DataIntegrityViolationException"><![CDATA[org.springframework.dao.DataIntegrityViolationException: 
could not execute statement [Referential integrity constraint violation: "FKHPVQ0GSFE3OJ63L3SWGHVW9RF: PUBLIC.TBL_CHAPTER FOREIGN KEY(NOVEL_ID) REFERENCES PUBLIC.TBL_NOVEL(ID) (CAST(1 AS BIGINT))"; SQL statement:
delete from tbl_novel where id=? [23503-232]] [delete from tbl_novel where id=?]; SQL [delete from tbl_novel where id=?]; constraint [FKHPVQ0GSFE3OJ63L3SWGHVW9RF: PUBLIC.TBL_CHAPTER FOREIGN KEY(NOVEL_ID) REFERENCES PUBLIC.TBL_NOVEL(ID) (CAST(1 AS BIGINT)); SQL statement:
delete from tbl_novel where id=? [23503-232]]
	at org.springframework.orm.jpa.vendor.HibernateJpaDialect.convertHibernateAccessException(HibernateJpaDialect.java:290)
	at org.springframework.orm.jpa.vendor.HibernateJpaDialect.translateExceptionIfPossible(HibernateJpaDialect.java:241)
	at org.springframework.orm.jpa.JpaTransactionManager.doCommit(JpaTransactionManager.java:566)
	at org.springframework.transaction.support.AbstractPlatformTransactionManager.processCommit(AbstractPlatformTransactionManager.java:795)
	at org.springframework.transaction.support.AbstractPlatformTransactionManager.commit(AbstractPlatformTransactionManager.java:758)
	at org.springframework.transaction.interceptor.TransactionAspectSupport.commitTransactionAfterReturning(TransactionAspectSupport.java:698)
	at org.springframework.transaction.interceptor.TransactionAspectSupport.invokeWithinTransaction(TransactionAspectSupport.java:416)
	at org.springframework.transaction.interceptor.TransactionInterceptor.invoke(TransactionInterceptor.java:119)
	at org.springframework.aop.framework.ReflectiveMethodInvocation.proceed(ReflectiveMethodInvocation.java:184)
	at org.springframework.dao.support.PersistenceExceptionTranslationInterceptor.invoke(PersistenceExceptionTranslationInterceptor.java:138)
	at org.springframework.aop.framework.ReflectiveMethodInvocation.proceed(ReflectiveMethodInvocation.java:184)
	at org.springframework.data.jpa.repository.support.CrudMethodMetadataPostProcessor$CrudMethodMetadataPopulatingMethodInterceptor.invoke(CrudMethodMetadataPostProcessor.java:165)
	at org.springframework.aop.framework.ReflectiveMethodInvocation.proceed(ReflectiveMethodInvocation.java:184)
	at org.springframework.aop.framework.JdkDynamicAopProxy.invoke(JdkDynamicAopProxy.java:223)
	at jdk.proxy2/jdk.proxy2.$Proxy150.deleteAll(Unknown Source)
	at com.novelsbr.backend.controllers.AuthControllerTest.save(AuthControllerTest.java:58)
	at java.base/java.lang.reflect.Method.invoke(Method.java:568)
	at java.base/java.util.ArrayList.forEach(ArrayList.java:1511)
	at java.base/java.util.ArrayList.forEach(ArrayList.java:1511)
Caused by: org.hibernate.exception.ConstraintViolationException: could not execute statement [Referential integrity constraint violation: "FKHPVQ0GSFE3OJ63L3SWGHVW9RF: PUBLIC.TBL_CHAPTER FOREIGN KEY(NOVEL_ID) REFERENCES PUBLIC.TBL_NOVEL(ID) (CAST(1 AS BIGINT))"; SQL statement:
delete from tbl_novel where id=? [23503-232]] [delete from tbl_novel where id=?]
	at org.hibernate.exception.internal.SQLExceptionTypeDelegate.convert(SQLExceptionTypeDelegate.java:62)
	at org.hibernate.exception.internal.StandardSQLExceptionConverter.convert(StandardSQLExceptionConverter.java:58)
	at org.hibernate.engine.jdbc.spi.SqlExceptionHelper.convert(SqlExceptionHelper.java:108)
	at org.hibernate.engine.jdbc.internal.ResultSetReturnImpl.executeUpdate(ResultSetReturnImpl.java:197)
	at org.hibernate.engine.jdbc.mutation.internal.AbstractMutationExecutor.performNonBatchedMutation(AbstractMutationExecutor.java:134)
	at org.hibernate.engine.jdbc.mutation.internal.MutationExecutorSingleNonBatched.performNonBatchedOperations(MutationExecutorSingleNonBatched.java:55)
	at org.hibernate.engine.jdbc.mutation.internal.AbstractMutationExecutor.execute(AbstractMutationExecutor.java:55)
	at org.hibernate.persister.entity.mutation.AbstractDeleteCoordinator.doStaticDelete(AbstractDeleteCoordinator.java:279)
	at org.hibernate.persister.entity.mutation.AbstractDeleteCoordinator.delete(AbstractDeleteCoordinator.java:87)
	at org.hibernate.action.internal.EntityDeleteAction.execute(EntityDeleteAction.java:131)
	at org.hibernate.engine.spi.ActionQueue.executeActions(ActionQueue.java:644)
	at org.hibernate.engine.spi.ActionQueue.executeActions(ActionQueue.java:511)
	at org.hibernate.event.internal.AbstractFlushingEventListener.performExecutions(AbstractFlushingEventListener.java:414)
	at org.hibernate.event.internal.DefaultFlushEventListener.onFlush(DefaultFlushEventListener.java:41)
	at org.hibernate.event.service.internal.EventListenerGroupImpl.fireEventOnEachListener(EventListenerGroupImpl.java:127)
	at org.hibernate.internal.SessionImpl.doFlush(SessionImpl.java:1429)
	at org.hibernate.internal.SessionImpl.managedFlush(SessionImpl.java:491)
	at org.hibernate.internal.SessionImpl.flushBeforeTransactionCompletion(SessionImpl.java:2354)
	at org.hibernate.internal.SessionImpl.beforeTransactionCompletion(SessionImpl.java:1978)
	at org.hibernate.engine.jdbc.internal.JdbcCoordinatorImpl.beforeTransactionCompletion(JdbcCoordinatorImpl.java:439)
	at org.hibernate.resource.transaction.backend.jdbc.internal.JdbcResourceLocalTransactionCoordinatorImpl.beforeCompletionCallback(JdbcResourceLocalTransactionCoordinatorImpl.java:169)
	at org.hibernate.resource.transaction.backend.jdbc.internal.JdbcResourceLocalTransactionCoordinatorImpl$TransactionDriverControlImpl.commit(JdbcResourceLocalTransactionCoordinatorImpl.java:267)
	at org.hibernate.engine.transaction.internal.TransactionImpl.commit(TransactionImpl.java:101)
	at org.springframework.orm.jpa.JpaTransactionManager.doCommit(JpaTransactionManager.java:562)
	... 16 more
Caused by: org.h2.jdbc.JdbcSQLIntegrityConstraintViolationException: Referential integrity constraint violation: "FKHPVQ0GSFE3OJ63L3SWGHVW9RF: PUBLIC.TBL_CHAPTER FOREIGN KEY(NOVEL_ID) REFERENCES PUBLIC.TBL_NOVEL(ID) (CAST(1 AS BIGINT))"; SQL statement:
delete from tbl_novel where id=? [23503-232]
	at org.h2.message.DbException.getJdbcSQLException(DbException.java:520)
	at org.h2.message.DbException.getJdbcSQLException(DbException.java:489)
	at org.h2.message.DbException.get(DbException.java:223)
	at org.h2.message.DbException.get(DbException.java:199)
	at org.h2.constraint.ConstraintReferential.checkRow(ConstraintReferential.java:362)
	at org.h2.constraint.ConstraintReferential.checkRowRefTable(ConstraintReferential.java:379)
	at org.h2.constraint.ConstraintReferential.checkRow(ConstraintReferential.java:253)
	at org.h2.table.Table.fireConstraints(Table.java:1227)
	at org.h2.table.Table.fireAfterRow(Table.java:1245)
	at org.h2.command.dml.Delete.update(Delete.java:92)
	at org.h2.command.dml.DataChangeStatement.update(DataChangeStatement.java:74)
	at org.h2.command.CommandContainer.update(CommandContainer.java:139)
	at org.h2.command.Command.executeUpdate(Command.java:304)
	at org.h2.command.Command.executeUpdate(Command.java:248)
	at org.h2.jdbc.JdbcPreparedStatement.executeUpdateInternal(JdbcPreparedStatement.java:213)
	at org.h2.jdbc.JdbcPreparedStatement.executeUpdate(JdbcPreparedStatement.java:172)
	at com.zaxxer.hikari.pool.ProxyPreparedStatement.executeUpdate(ProxyPreparedStatement.java:61)
	at com.zaxxer.hikari.pool.HikariProxyPreparedStatement.executeUpdate(HikariProxyPreparedStatement.java)
	at org.hibernate.engine.jdbc.internal.ResultSetReturnImpl.executeUpdate(ResultSetReturnImpl.java:194)
	... 36 more
]]></error>
    <system-out><![CDATA[2025-07-07T19:37:00.751-03:00  INFO 17416 --- [           main] t.c.s.AnnotationConfigContextLoaderUtils : Could not detect default configuration classes for test class [com.novelsbr.backend.controllers.AuthControllerTest]: AuthControllerTest does not declare any static, non-private, non-final, nested classes annotated with @Configuration.
2025-07-07T19:37:00.838-03:00  INFO 17416 --- [           main] .b.t.c.SpringBootTestContextBootstrapper : Found @SpringBootConfiguration com.novelsbr.backend.BackendApplication for test class com.novelsbr.backend.controllers.AuthControllerTest
2025-07-07T19:37:00.883-03:00  INFO 17416 --- [           main] o.s.b.d.r.RestartApplicationListener     : Restart disabled due to context in which it is running

  .   ____          _            __ _ _
 /\\ / ___'_ __ _ _(_)_ __  __ _ \ \ \ \
( ( )\___ | '_ | '_| | '_ \/ _` | \ \ \ \
 \\/  ___)| |_)| | | | | || (_| |  ) ) ) )
  '  |____| .__|_| |_|_| |_\__, | / / / /
 =========|_|==============|___/=/_/_/_/

 :: Spring Boot ::                (v3.4.4)

2025-07-07T19:37:00.965-03:00  INFO 17416 --- [           main] c.n.b.controllers.AuthControllerTest     : Starting AuthControllerTest using Java 17.0.5 with PID 17416 (started by willl in C:\spring-react\novelbr\backend)
2025-07-07T19:37:00.966-03:00  INFO 17416 --- [           main] c.n.b.controllers.AuthControllerTest     : No active profile set, falling back to 1 default profile: "default"
2025-07-07T19:37:01.699-03:00  INFO 17416 --- [           main] .s.d.r.c.RepositoryConfigurationDelegate : Bootstrapping Spring Data JPA repositories in DEFAULT mode.
2025-07-07T19:37:01.853-03:00  INFO 17416 --- [           main] .s.d.r.c.RepositoryConfigurationDelegate : Finished Spring Data repository scanning in 150 ms. Found 5 JPA repository interfaces.
2025-07-07T19:37:02.150-03:00  INFO 17416 --- [           main] com.zaxxer.hikari.HikariDataSource       : HikariPool-2 - Starting...
2025-07-07T19:37:02.152-03:00  INFO 17416 --- [           main] com.zaxxer.hikari.pool.HikariPool        : HikariPool-2 - Added connection conn10: url=jdbc:h2:mem:testdb user=SA
2025-07-07T19:37:02.159-03:00  INFO 17416 --- [           main] com.zaxxer.hikari.HikariDataSource       : HikariPool-2 - Start completed.
2025-07-07T19:37:02.165-03:00  INFO 17416 --- [           main] o.hibernate.jpa.internal.util.LogHelper  : HHH000204: Processing PersistenceUnitInfo [name: default]
2025-07-07T19:37:02.181-03:00  INFO 17416 --- [           main] o.h.c.internal.RegionFactoryInitiator    : HHH000026: Second-level cache disabled
2025-07-07T19:37:02.236-03:00  INFO 17416 --- [           main] o.s.o.j.p.SpringPersistenceUnitInfo      : No LoadTimeWeaver setup: ignoring JPA class transformer
2025-07-07T19:37:02.240-03:00  INFO 17416 --- [           main] org.hibernate.orm.connections.pooling    : HHH10001005: Database info:
	Database JDBC URL [Connecting through datasource 'HikariDataSource (HikariPool-2)']
	Database driver: undefined/unknown
	Database version: 2.3.232
	Autocommit mode: undefined/unknown
	Isolation level: undefined/unknown
	Minimum pool size: undefined/unknown
	Maximum pool size: undefined/unknown
Hibernate: 
    create global temporary table HT_tbl_comment_novel(id bigint not null, primary key (id)) TRANSACTIONAL
Hibernate: 
    create global temporary table HTE_tbl_comment_novel(rn_ integer not null, author_id bigint, comment_father bigint, date_registration timestamp(6), id bigint, text TEXT, comment_type enum ('CHAPTER', 'NOVEL'), primary key (rn_)) TRANSACTIONAL
Hibernate: 
    create global temporary table HTE_tbl_comment_novel(rn_ integer not null, author_id bigint, comment_father bigint, date_registration timestamp(6), id bigint, novel_id bigint, text TEXT, comment_type enum ('CHAPTER', 'NOVEL'), primary key (rn_)) TRANSACTIONAL
Hibernate: 
    create global temporary table HTE_tbl_comment(rn_ integer not null, author_id bigint, chapter_id bigint, comment_father bigint, date_registration timestamp(6), id bigint, text TEXT, comment_type enum ('CHAPTER', 'NOVEL'), primary key (rn_)) TRANSACTIONAL
2025-07-07T19:37:02.669-03:00  INFO 17416 --- [           main] o.h.e.t.j.p.i.JtaPlatformInitiator       : HHH000489: No JTA platform available (set 'hibernate.transaction.jta.platform' to enable JTA platform integration)
Hibernate: 
    drop table if exists tbl_author cascade 
Hibernate: 
    drop table if exists tbl_chapter cascade 
Hibernate: 
    drop table if exists tbl_comment cascade 
Hibernate: 
    drop table if exists tbl_comment_chapter cascade 
Hibernate: 
    drop table if exists tbl_comment_novel cascade 
Hibernate: 
    drop table if exists tbl_gender cascade 
Hibernate: 
    drop table if exists tbl_novel cascade 
Hibernate: 
    drop table if exists tbl_novel_genero cascade 
Hibernate: 
    drop sequence if exists tbl_comment_seq
Hibernate: 
    create sequence tbl_comment_seq start with 1 increment by 50
Hibernate: 
    create table tbl_author (
        date_registrion timestamp(6),
        id bigint generated by default as identity,
        email varchar(255),
        name varchar(255),
        password varchar(255),
        username varchar(255),
        role enum ('AUTHOR','USER'),
        primary key (id)
    )
Hibernate: 
    create table tbl_chapter (
        chapter_number integer,
        date_registration timestamp(6),
        id bigint generated by default as identity,
        novel_id bigint,
        chapter_text TEXT,
        title varchar(255),
        primary key (id)
    )
Hibernate: 
    create table tbl_comment (
        author_id bigint,
        comment_father bigint,
        date_registration timestamp(6),
        id bigint not null,
        text TEXT,
        comment_type enum ('CHAPTER','NOVEL'),
        primary key (id)
    )
Hibernate: 
    create table tbl_comment_chapter (
        author_id bigint,
        chapter_id bigint,
        comment_father bigint,
        date_registration timestamp(6),
        id bigint not null,
        text TEXT,
        comment_type enum ('CHAPTER','NOVEL'),
        primary key (id)
    )
Hibernate: 
    create table tbl_comment_novel (
        author_id bigint,
        comment_father bigint,
        date_registration timestamp(6),
        id bigint not null,
        novel_id bigint,
        text TEXT,
        comment_type enum ('CHAPTER','NOVEL'),
        primary key (id)
    )
Hibernate: 
    create table tbl_gender (
        id integer not null,
        gender_type enum ('ACTION','ADULT','ADVENTURE','DRAMA','DYSTOPIA','FANTASY','HISTORICAL','HORROR','MAGICAL','MEDIEVAL','MYSTERY','POLITICAL','ROMANCE','SCIENCE_FICTION','SHOUJO','SLICE_OF_LIFE','SUSPENSEFUL','TERROR','THRILLER','WESTERN','YAOI'),
        primary key (id)
    )
Hibernate: 
    create table tbl_novel (
        author_id bigint,
        date_registrion timestamp(6),
        id bigint generated by default as identity,
        image_uri varchar(255),
        novel_name varchar(255),
        synopsis TEXT,
        primary key (id)
    )
Hibernate: 
    create table tbl_novel_genero (
        genero_id integer not null,
        novel_id bigint not null,
        primary key (genero_id, novel_id)
    )
Hibernate: 
    alter table if exists tbl_chapter 
       add constraint FKhpvq0gsfe3oj63l3swghvw9rf 
       foreign key (novel_id) 
       references tbl_novel
Hibernate: 
    alter table if exists tbl_comment 
       add constraint FKdepwa7n7att018i5v5kjeeh6j 
       foreign key (author_id) 
       references tbl_author
Hibernate: 
    alter table if exists tbl_comment_chapter 
       add constraint FKncno91pcd84pmtrm1rl1j0g0 
       foreign key (chapter_id) 
       references tbl_chapter
Hibernate: 
    alter table if exists tbl_comment_chapter 
       add constraint FKf4sk68u8th10vwp186fab0pi2 
       foreign key (author_id) 
       references tbl_author
Hibernate: 
    alter table if exists tbl_comment_novel 
       add constraint FK6wp254lh61v2ob87pef1mhrgs 
       foreign key (novel_id) 
       references tbl_novel
Hibernate: 
    alter table if exists tbl_comment_novel 
       add constraint FKk7ry1inp8m60kqq40fvhghh9g 
       foreign key (author_id) 
       references tbl_author
Hibernate: 
    alter table if exists tbl_novel 
       add constraint FKjfkk9l7dj3k0urdts5c83wu0d 
       foreign key (author_id) 
       references tbl_author
Hibernate: 
    alter table if exists tbl_novel_genero 
       add constraint FK1myiime1ltys91o6ny0yumh9h 
       foreign key (genero_id) 
       references tbl_gender
Hibernate: 
    alter table if exists tbl_novel_genero 
       add constraint FKk6yk20okx7g8blnoootopww63 
       foreign key (novel_id) 
       references tbl_novel
2025-07-07T19:37:02.803-03:00  INFO 17416 --- [           main] j.LocalContainerEntityManagerFactoryBean : Initialized JPA EntityManagerFactory for persistence unit 'default'
2025-07-07T19:37:03.059-03:00  INFO 17416 --- [           main] r$InitializeUserDetailsManagerConfigurer : Global AuthenticationManager configured with UserDetailsService bean with name authorDetailsService
2025-07-07T19:37:03.096-03:00  WARN 17416 --- [           main] JpaBaseConfiguration$JpaWebConfiguration : spring.jpa.open-in-view is enabled by default. Therefore, database queries may be performed during view rendering. Explicitly configure spring.jpa.open-in-view to disable this warning
2025-07-07T19:37:03.441-03:00  INFO 17416 --- [           main] o.s.b.a.h2.H2ConsoleAutoConfiguration    : H2 console available at '/h2-console'. Database available at 'jdbc:h2:mem:testdb'
2025-07-07T19:37:03.604-03:00  INFO 17416 --- [           main] o.s.b.t.m.w.SpringBootMockServletContext : Initializing Spring TestDispatcherServlet ''
2025-07-07T19:37:03.605-03:00  INFO 17416 --- [           main] o.s.t.web.servlet.TestDispatcherServlet  : Initializing Servlet ''
2025-07-07T19:37:03.607-03:00  INFO 17416 --- [           main] o.s.t.web.servlet.TestDispatcherServlet  : Completed initialization in 2 ms
2025-07-07T19:37:03.660-03:00  INFO 17416 --- [           main] c.n.b.controllers.AuthControllerTest     : Started AuthControllerTest in 2.778 seconds (process running for 32.518)
Hibernate: 
    select
        g1_0.id,
        g1_0.gender_type 
    from
        tbl_gender g1_0 
    where
        g1_0.id=?
Hibernate: 
    select
        g1_0.id,
        g1_0.gender_type 
    from
        tbl_gender g1_0 
    where
        g1_0.id=?
Hibernate: 
    select
        g1_0.id,
        g1_0.gender_type 
    from
        tbl_gender g1_0 
    where
        g1_0.id=?
Hibernate: 
    select
        g1_0.id,
        g1_0.gender_type 
    from
        tbl_gender g1_0 
    where
        g1_0.id=?
Hibernate: 
    select
        g1_0.id,
        g1_0.gender_type 
    from
        tbl_gender g1_0 
    where
        g1_0.id=?
Hibernate: 
    select
        g1_0.id,
        g1_0.gender_type 
    from
        tbl_gender g1_0 
    where
        g1_0.id=?
Hibernate: 
    select
        g1_0.id,
        g1_0.gender_type 
    from
        tbl_gender g1_0 
    where
        g1_0.id=?
Hibernate: 
    select
        g1_0.id,
        g1_0.gender_type 
    from
        tbl_gender g1_0 
    where
        g1_0.id=?
Hibernate: 
    select
        g1_0.id,
        g1_0.gender_type 
    from
        tbl_gender g1_0 
    where
        g1_0.id=?
Hibernate: 
    select
        g1_0.id,
        g1_0.gender_type 
    from
        tbl_gender g1_0 
    where
        g1_0.id=?
Hibernate: 
    select
        g1_0.id,
        g1_0.gender_type 
    from
        tbl_gender g1_0 
    where
        g1_0.id=?
Hibernate: 
    select
        g1_0.id,
        g1_0.gender_type 
    from
        tbl_gender g1_0 
    where
        g1_0.id=?
Hibernate: 
    select
        g1_0.id,
        g1_0.gender_type 
    from
        tbl_gender g1_0 
    where
        g1_0.id=?
Hibernate: 
    select
        g1_0.id,
        g1_0.gender_type 
    from
        tbl_gender g1_0 
    where
        g1_0.id=?
Hibernate: 
    select
        g1_0.id,
        g1_0.gender_type 
    from
        tbl_gender g1_0 
    where
        g1_0.id=?
Hibernate: 
    select
        g1_0.id,
        g1_0.gender_type 
    from
        tbl_gender g1_0 
    where
        g1_0.id=?
Hibernate: 
    select
        g1_0.id,
        g1_0.gender_type 
    from
        tbl_gender g1_0 
    where
        g1_0.id=?
Hibernate: 
    select
        g1_0.id,
        g1_0.gender_type 
    from
        tbl_gender g1_0 
    where
        g1_0.id=?
Hibernate: 
    select
        g1_0.id,
        g1_0.gender_type 
    from
        tbl_gender g1_0 
    where
        g1_0.id=?
Hibernate: 
    select
        g1_0.id,
        g1_0.gender_type 
    from
        tbl_gender g1_0 
    where
        g1_0.id=?
Hibernate: 
    select
        g1_0.id,
        g1_0.gender_type 
    from
        tbl_gender g1_0 
    where
        g1_0.id=?
Hibernate: 
    insert 
    into
        tbl_gender
        (gender_type, id) 
    values
        (?, ?)
Hibernate: 
    insert 
    into
        tbl_gender
        (gender_type, id) 
    values
        (?, ?)
Hibernate: 
    insert 
    into
        tbl_gender
        (gender_type, id) 
    values
        (?, ?)
Hibernate: 
    insert 
    into
        tbl_gender
        (gender_type, id) 
    values
        (?, ?)
Hibernate: 
    insert 
    into
        tbl_gender
        (gender_type, id) 
    values
        (?, ?)
Hibernate: 
    insert 
    into
        tbl_gender
        (gender_type, id) 
    values
        (?, ?)
Hibernate: 
    insert 
    into
        tbl_gender
        (gender_type, id) 
    values
        (?, ?)
Hibernate: 
    insert 
    into
        tbl_gender
        (gender_type, id) 
    values
        (?, ?)
Hibernate: 
    insert 
    into
        tbl_gender
        (gender_type, id) 
    values
        (?, ?)
Hibernate: 
    insert 
    into
        tbl_gender
        (gender_type, id) 
    values
        (?, ?)
Hibernate: 
    insert 
    into
        tbl_gender
        (gender_type, id) 
    values
        (?, ?)
Hibernate: 
    insert 
    into
        tbl_gender
        (gender_type, id) 
    values
        (?, ?)
Hibernate: 
    insert 
    into
        tbl_gender
        (gender_type, id) 
    values
        (?, ?)
Hibernate: 
    insert 
    into
        tbl_gender
        (gender_type, id) 
    values
        (?, ?)
Hibernate: 
    insert 
    into
        tbl_gender
        (gender_type, id) 
    values
        (?, ?)
Hibernate: 
    insert 
    into
        tbl_gender
        (gender_type, id) 
    values
        (?, ?)
Hibernate: 
    insert 
    into
        tbl_gender
        (gender_type, id) 
    values
        (?, ?)
Hibernate: 
    insert 
    into
        tbl_gender
        (gender_type, id) 
    values
        (?, ?)
Hibernate: 
    insert 
    into
        tbl_gender
        (gender_type, id) 
    values
        (?, ?)
Hibernate: 
    insert 
    into
        tbl_gender
        (gender_type, id) 
    values
        (?, ?)
Hibernate: 
    insert 
    into
        tbl_gender
        (gender_type, id) 
    values
        (?, ?)
Hibernate: 
    select
        a1_0.id 
    from
        tbl_author a1_0 
    where
        a1_0.username=? 
    fetch
        first ? rows only
Hibernate: 
    insert 
    into
        tbl_author
        (date_registrion, email, name, password, role, username, id) 
    values
        (?, ?, ?, ?, ?, ?, default)
Hibernate: 
    select
        a1_0.id 
    from
        tbl_author a1_0 
    where
        a1_0.username=? 
    fetch
        first ? rows only
Hibernate: 
    insert 
    into
        tbl_author
        (date_registrion, email, name, password, role, username, id) 
    values
        (?, ?, ?, ?, ?, ?, default)
Hibernate: 
    select
        a1_0.id 
    from
        tbl_author a1_0 
    where
        a1_0.username=? 
    fetch
        first ? rows only
Hibernate: 
    insert 
    into
        tbl_author
        (date_registrion, email, name, password, role, username, id) 
    values
        (?, ?, ?, ?, ?, ?, default)
Hibernate: 
    select
        a1_0.id 
    from
        tbl_author a1_0 
    where
        a1_0.username=? 
    fetch
        first ? rows only
Hibernate: 
    insert 
    into
        tbl_author
        (date_registrion, email, name, password, role, username, id) 
    values
        (?, ?, ?, ?, ?, ?, default)
Hibernate: 
    select
        n1_0.id 
    from
        tbl_novel n1_0 
    where
        n1_0.novel_name=? 
    fetch
        first ? rows only
Hibernate: 
    select
        a1_0.id,
        a1_0.date_registrion,
        a1_0.email,
        a1_0.name,
        a1_0.password,
        a1_0.role,
        a1_0.username 
    from
        tbl_author a1_0 
    where
        a1_0.id=?
Hibernate: 
    insert 
    into
        tbl_novel
        (author_id, date_registrion, image_uri, novel_name, synopsis, id) 
    values
        (?, ?, ?, ?, ?, default)
Hibernate: 
    select
        null,
        g1_0.gender_type 
    from
        tbl_gender g1_0 
    where
        g1_0.id=?
Hibernate: 
    select
        null,
        g1_0.gender_type 
    from
        tbl_gender g1_0 
    where
        g1_0.id=?
Hibernate: 
    select
        null,
        g1_0.gender_type 
    from
        tbl_gender g1_0 
    where
        g1_0.id=?
Hibernate: 
    select
        null,
        g1_0.gender_type 
    from
        tbl_gender g1_0 
    where
        g1_0.id=?
Hibernate: 
    select
        null,
        g1_0.gender_type 
    from
        tbl_gender g1_0 
    where
        g1_0.id=?
Hibernate: 
    select
        null,
        g1_0.gender_type 
    from
        tbl_gender g1_0 
    where
        g1_0.id=?
Hibernate: 
    select
        null,
        g1_0.gender_type 
    from
        tbl_gender g1_0 
    where
        g1_0.id=?
Hibernate: 
    select
        null,
        g1_0.gender_type 
    from
        tbl_gender g1_0 
    where
        g1_0.id=?
Hibernate: 
    select
        null,
        g1_0.gender_type 
    from
        tbl_gender g1_0 
    where
        g1_0.id=?
Hibernate: 
    select
        null,
        g1_0.gender_type 
    from
        tbl_gender g1_0 
    where
        g1_0.id=?
Hibernate: 
    select
        null,
        g1_0.gender_type 
    from
        tbl_gender g1_0 
    where
        g1_0.id=?
Hibernate: 
    select
        null,
        g1_0.gender_type 
    from
        tbl_gender g1_0 
    where
        g1_0.id=?
Hibernate: 
    select
        null,
        g1_0.gender_type 
    from
        tbl_gender g1_0 
    where
        g1_0.id=?
Hibernate: 
    select
        null,
        g1_0.gender_type 
    from
        tbl_gender g1_0 
    where
        g1_0.id=?
Hibernate: 
    select
        null,
        g1_0.gender_type 
    from
        tbl_gender g1_0 
    where
        g1_0.id=?
Hibernate: 
    select
        null,
        g1_0.gender_type 
    from
        tbl_gender g1_0 
    where
        g1_0.id=?
Hibernate: 
    select
        null,
        g1_0.gender_type 
    from
        tbl_gender g1_0 
    where
        g1_0.id=?
Hibernate: 
    select
        null,
        g1_0.gender_type 
    from
        tbl_gender g1_0 
    where
        g1_0.id=?
Hibernate: 
    select
        null,
        g1_0.gender_type 
    from
        tbl_gender g1_0 
    where
        g1_0.id=?
Hibernate: 
    select
        null,
        g1_0.gender_type 
    from
        tbl_gender g1_0 
    where
        g1_0.id=?
Hibernate: 
    select
        null,
        g1_0.gender_type 
    from
        tbl_gender g1_0 
    where
        g1_0.id=?
Hibernate: 
    insert 
    into
        tbl_novel_genero
        (novel_id, genero_id) 
    values
        (?, ?)
Hibernate: 
    insert 
    into
        tbl_novel_genero
        (novel_id, genero_id) 
    values
        (?, ?)
Hibernate: 
    insert 
    into
        tbl_novel_genero
        (novel_id, genero_id) 
    values
        (?, ?)
Hibernate: 
    insert 
    into
        tbl_novel_genero
        (novel_id, genero_id) 
    values
        (?, ?)
Hibernate: 
    insert 
    into
        tbl_novel_genero
        (novel_id, genero_id) 
    values
        (?, ?)
Hibernate: 
    insert 
    into
        tbl_novel_genero
        (novel_id, genero_id) 
    values
        (?, ?)
Hibernate: 
    insert 
    into
        tbl_novel_genero
        (novel_id, genero_id) 
    values
        (?, ?)
Hibernate: 
    insert 
    into
        tbl_novel_genero
        (novel_id, genero_id) 
    values
        (?, ?)
Hibernate: 
    insert 
    into
        tbl_novel_genero
        (novel_id, genero_id) 
    values
        (?, ?)
Hibernate: 
    insert 
    into
        tbl_novel_genero
        (novel_id, genero_id) 
    values
        (?, ?)
Hibernate: 
    insert 
    into
        tbl_novel_genero
        (novel_id, genero_id) 
    values
        (?, ?)
Hibernate: 
    insert 
    into
        tbl_novel_genero
        (novel_id, genero_id) 
    values
        (?, ?)
Hibernate: 
    insert 
    into
        tbl_novel_genero
        (novel_id, genero_id) 
    values
        (?, ?)
Hibernate: 
    insert 
    into
        tbl_novel_genero
        (novel_id, genero_id) 
    values
        (?, ?)
Hibernate: 
    insert 
    into
        tbl_novel_genero
        (novel_id, genero_id) 
    values
        (?, ?)
Hibernate: 
    insert 
    into
        tbl_novel_genero
        (novel_id, genero_id) 
    values
        (?, ?)
Hibernate: 
    insert 
    into
        tbl_novel_genero
        (novel_id, genero_id) 
    values
        (?, ?)
Hibernate: 
    insert 
    into
        tbl_novel_genero
        (novel_id, genero_id) 
    values
        (?, ?)
Hibernate: 
    insert 
    into
        tbl_novel_genero
        (novel_id, genero_id) 
    values
        (?, ?)
Hibernate: 
    insert 
    into
        tbl_novel_genero
        (novel_id, genero_id) 
    values
        (?, ?)
Hibernate: 
    insert 
    into
        tbl_novel_genero
        (novel_id, genero_id) 
    values
        (?, ?)
Hibernate: 
    select
        n1_0.id 
    from
        tbl_novel n1_0 
    where
        n1_0.novel_name=? 
    fetch
        first ? rows only
Hibernate: 
    select
        a1_0.id,
        a1_0.date_registrion,
        a1_0.email,
        a1_0.name,
        a1_0.password,
        a1_0.role,
        a1_0.username 
    from
        tbl_author a1_0 
    where
        a1_0.id=?
Hibernate: 
    insert 
    into
        tbl_novel
        (author_id, date_registrion, image_uri, novel_name, synopsis, id) 
    values
        (?, ?, ?, ?, ?, default)
Hibernate: 
    select
        null,
        g1_0.gender_type 
    from
        tbl_gender g1_0 
    where
        g1_0.id=?
Hibernate: 
    select
        null,
        g1_0.gender_type 
    from
        tbl_gender g1_0 
    where
        g1_0.id=?
Hibernate: 
    select
        null,
        g1_0.gender_type 
    from
        tbl_gender g1_0 
    where
        g1_0.id=?
Hibernate: 
    select
        null,
        g1_0.gender_type 
    from
        tbl_gender g1_0 
    where
        g1_0.id=?
Hibernate: 
    select
        null,
        g1_0.gender_type 
    from
        tbl_gender g1_0 
    where
        g1_0.id=?
Hibernate: 
    select
        null,
        g1_0.gender_type 
    from
        tbl_gender g1_0 
    where
        g1_0.id=?
Hibernate: 
    select
        null,
        g1_0.gender_type 
    from
        tbl_gender g1_0 
    where
        g1_0.id=?
Hibernate: 
    select
        null,
        g1_0.gender_type 
    from
        tbl_gender g1_0 
    where
        g1_0.id=?
Hibernate: 
    select
        null,
        g1_0.gender_type 
    from
        tbl_gender g1_0 
    where
        g1_0.id=?
Hibernate: 
    select
        null,
        g1_0.gender_type 
    from
        tbl_gender g1_0 
    where
        g1_0.id=?
Hibernate: 
    select
        null,
        g1_0.gender_type 
    from
        tbl_gender g1_0 
    where
        g1_0.id=?
Hibernate: 
    select
        null,
        g1_0.gender_type 
    from
        tbl_gender g1_0 
    where
        g1_0.id=?
Hibernate: 
    select
        null,
        g1_0.gender_type 
    from
        tbl_gender g1_0 
    where
        g1_0.id=?
Hibernate: 
    select
        null,
        g1_0.gender_type 
    from
        tbl_gender g1_0 
    where
        g1_0.id=?
Hibernate: 
    select
        null,
        g1_0.gender_type 
    from
        tbl_gender g1_0 
    where
        g1_0.id=?
Hibernate: 
    select
        null,
        g1_0.gender_type 
    from
        tbl_gender g1_0 
    where
        g1_0.id=?
Hibernate: 
    select
        null,
        g1_0.gender_type 
    from
        tbl_gender g1_0 
    where
        g1_0.id=?
Hibernate: 
    select
        null,
        g1_0.gender_type 
    from
        tbl_gender g1_0 
    where
        g1_0.id=?
Hibernate: 
    select
        null,
        g1_0.gender_type 
    from
        tbl_gender g1_0 
    where
        g1_0.id=?
Hibernate: 
    select
        null,
        g1_0.gender_type 
    from
        tbl_gender g1_0 
    where
        g1_0.id=?
Hibernate: 
    select
        null,
        g1_0.gender_type 
    from
        tbl_gender g1_0 
    where
        g1_0.id=?
Hibernate: 
    insert 
    into
        tbl_novel_genero
        (novel_id, genero_id) 
    values
        (?, ?)
Hibernate: 
    insert 
    into
        tbl_novel_genero
        (novel_id, genero_id) 
    values
        (?, ?)
Hibernate: 
    insert 
    into
        tbl_novel_genero
        (novel_id, genero_id) 
    values
        (?, ?)
Hibernate: 
    insert 
    into
        tbl_novel_genero
        (novel_id, genero_id) 
    values
        (?, ?)
Hibernate: 
    insert 
    into
        tbl_novel_genero
        (novel_id, genero_id) 
    values
        (?, ?)
Hibernate: 
    insert 
    into
        tbl_novel_genero
        (novel_id, genero_id) 
    values
        (?, ?)
Hibernate: 
    insert 
    into
        tbl_novel_genero
        (novel_id, genero_id) 
    values
        (?, ?)
Hibernate: 
    insert 
    into
        tbl_novel_genero
        (novel_id, genero_id) 
    values
        (?, ?)
Hibernate: 
    insert 
    into
        tbl_novel_genero
        (novel_id, genero_id) 
    values
        (?, ?)
Hibernate: 
    insert 
    into
        tbl_novel_genero
        (novel_id, genero_id) 
    values
        (?, ?)
Hibernate: 
    insert 
    into
        tbl_novel_genero
        (novel_id, genero_id) 
    values
        (?, ?)
Hibernate: 
    insert 
    into
        tbl_novel_genero
        (novel_id, genero_id) 
    values
        (?, ?)
Hibernate: 
    insert 
    into
        tbl_novel_genero
        (novel_id, genero_id) 
    values
        (?, ?)
Hibernate: 
    insert 
    into
        tbl_novel_genero
        (novel_id, genero_id) 
    values
        (?, ?)
Hibernate: 
    insert 
    into
        tbl_novel_genero
        (novel_id, genero_id) 
    values
        (?, ?)
Hibernate: 
    insert 
    into
        tbl_novel_genero
        (novel_id, genero_id) 
    values
        (?, ?)
Hibernate: 
    insert 
    into
        tbl_novel_genero
        (novel_id, genero_id) 
    values
        (?, ?)
Hibernate: 
    insert 
    into
        tbl_novel_genero
        (novel_id, genero_id) 
    values
        (?, ?)
Hibernate: 
    insert 
    into
        tbl_novel_genero
        (novel_id, genero_id) 
    values
        (?, ?)
Hibernate: 
    insert 
    into
        tbl_novel_genero
        (novel_id, genero_id) 
    values
        (?, ?)
Hibernate: 
    insert 
    into
        tbl_novel_genero
        (novel_id, genero_id) 
    values
        (?, ?)
Hibernate: 
    select
        n1_0.id 
    from
        tbl_novel n1_0 
    where
        n1_0.novel_name=? 
    fetch
        first ? rows only
Hibernate: 
    select
        a1_0.id,
        a1_0.date_registrion,
        a1_0.email,
        a1_0.name,
        a1_0.password,
        a1_0.role,
        a1_0.username 
    from
        tbl_author a1_0 
    where
        a1_0.id=?
Hibernate: 
    insert 
    into
        tbl_novel
        (author_id, date_registrion, image_uri, novel_name, synopsis, id) 
    values
        (?, ?, ?, ?, ?, default)
Hibernate: 
    select
        null,
        g1_0.gender_type 
    from
        tbl_gender g1_0 
    where
        g1_0.id=?
Hibernate: 
    select
        null,
        g1_0.gender_type 
    from
        tbl_gender g1_0 
    where
        g1_0.id=?
Hibernate: 
    select
        null,
        g1_0.gender_type 
    from
        tbl_gender g1_0 
    where
        g1_0.id=?
Hibernate: 
    select
        null,
        g1_0.gender_type 
    from
        tbl_gender g1_0 
    where
        g1_0.id=?
Hibernate: 
    select
        null,
        g1_0.gender_type 
    from
        tbl_gender g1_0 
    where
        g1_0.id=?
Hibernate: 
    select
        null,
        g1_0.gender_type 
    from
        tbl_gender g1_0 
    where
        g1_0.id=?
Hibernate: 
    select
        null,
        g1_0.gender_type 
    from
        tbl_gender g1_0 
    where
        g1_0.id=?
Hibernate: 
    select
        null,
        g1_0.gender_type 
    from
        tbl_gender g1_0 
    where
        g1_0.id=?
Hibernate: 
    select
        null,
        g1_0.gender_type 
    from
        tbl_gender g1_0 
    where
        g1_0.id=?
Hibernate: 
    select
        null,
        g1_0.gender_type 
    from
        tbl_gender g1_0 
    where
        g1_0.id=?
Hibernate: 
    select
        null,
        g1_0.gender_type 
    from
        tbl_gender g1_0 
    where
        g1_0.id=?
Hibernate: 
    select
        null,
        g1_0.gender_type 
    from
        tbl_gender g1_0 
    where
        g1_0.id=?
Hibernate: 
    select
        null,
        g1_0.gender_type 
    from
        tbl_gender g1_0 
    where
        g1_0.id=?
Hibernate: 
    select
        null,
        g1_0.gender_type 
    from
        tbl_gender g1_0 
    where
        g1_0.id=?
Hibernate: 
    select
        null,
        g1_0.gender_type 
    from
        tbl_gender g1_0 
    where
        g1_0.id=?
Hibernate: 
    select
        null,
        g1_0.gender_type 
    from
        tbl_gender g1_0 
    where
        g1_0.id=?
Hibernate: 
    select
        null,
        g1_0.gender_type 
    from
        tbl_gender g1_0 
    where
        g1_0.id=?
Hibernate: 
    select
        null,
        g1_0.gender_type 
    from
        tbl_gender g1_0 
    where
        g1_0.id=?
Hibernate: 
    select
        null,
        g1_0.gender_type 
    from
        tbl_gender g1_0 
    where
        g1_0.id=?
Hibernate: 
    select
        null,
        g1_0.gender_type 
    from
        tbl_gender g1_0 
    where
        g1_0.id=?
Hibernate: 
    select
        null,
        g1_0.gender_type 
    from
        tbl_gender g1_0 
    where
        g1_0.id=?
Hibernate: 
    insert 
    into
        tbl_novel_genero
        (novel_id, genero_id) 
    values
        (?, ?)
Hibernate: 
    insert 
    into
        tbl_novel_genero
        (novel_id, genero_id) 
    values
        (?, ?)
Hibernate: 
    insert 
    into
        tbl_novel_genero
        (novel_id, genero_id) 
    values
        (?, ?)
Hibernate: 
    insert 
    into
        tbl_novel_genero
        (novel_id, genero_id) 
    values
        (?, ?)
Hibernate: 
    insert 
    into
        tbl_novel_genero
        (novel_id, genero_id) 
    values
        (?, ?)
Hibernate: 
    insert 
    into
        tbl_novel_genero
        (novel_id, genero_id) 
    values
        (?, ?)
Hibernate: 
    insert 
    into
        tbl_novel_genero
        (novel_id, genero_id) 
    values
        (?, ?)
Hibernate: 
    insert 
    into
        tbl_novel_genero
        (novel_id, genero_id) 
    values
        (?, ?)
Hibernate: 
    insert 
    into
        tbl_novel_genero
        (novel_id, genero_id) 
    values
        (?, ?)
Hibernate: 
    insert 
    into
        tbl_novel_genero
        (novel_id, genero_id) 
    values
        (?, ?)
Hibernate: 
    insert 
    into
        tbl_novel_genero
        (novel_id, genero_id) 
    values
        (?, ?)
Hibernate: 
    insert 
    into
        tbl_novel_genero
        (novel_id, genero_id) 
    values
        (?, ?)
Hibernate: 
    insert 
    into
        tbl_novel_genero
        (novel_id, genero_id) 
    values
        (?, ?)
Hibernate: 
    insert 
    into
        tbl_novel_genero
        (novel_id, genero_id) 
    values
        (?, ?)
Hibernate: 
    insert 
    into
        tbl_novel_genero
        (novel_id, genero_id) 
    values
        (?, ?)
Hibernate: 
    insert 
    into
        tbl_novel_genero
        (novel_id, genero_id) 
    values
        (?, ?)
Hibernate: 
    insert 
    into
        tbl_novel_genero
        (novel_id, genero_id) 
    values
        (?, ?)
Hibernate: 
    insert 
    into
        tbl_novel_genero
        (novel_id, genero_id) 
    values
        (?, ?)
Hibernate: 
    insert 
    into
        tbl_novel_genero
        (novel_id, genero_id) 
    values
        (?, ?)
Hibernate: 
    insert 
    into
        tbl_novel_genero
        (novel_id, genero_id) 
    values
        (?, ?)
Hibernate: 
    insert 
    into
        tbl_novel_genero
        (novel_id, genero_id) 
    values
        (?, ?)
Hibernate: 
    select
        n1_0.id 
    from
        tbl_novel n1_0 
    where
        n1_0.novel_name=? 
    fetch
        first ? rows only
Hibernate: 
    select
        a1_0.id,
        a1_0.date_registrion,
        a1_0.email,
        a1_0.name,
        a1_0.password,
        a1_0.role,
        a1_0.username 
    from
        tbl_author a1_0 
    where
        a1_0.id=?
Hibernate: 
    insert 
    into
        tbl_novel
        (author_id, date_registrion, image_uri, novel_name, synopsis, id) 
    values
        (?, ?, ?, ?, ?, default)
Hibernate: 
    select
        null,
        g1_0.gender_type 
    from
        tbl_gender g1_0 
    where
        g1_0.id=?
Hibernate: 
    select
        null,
        g1_0.gender_type 
    from
        tbl_gender g1_0 
    where
        g1_0.id=?
Hibernate: 
    select
        null,
        g1_0.gender_type 
    from
        tbl_gender g1_0 
    where
        g1_0.id=?
Hibernate: 
    select
        null,
        g1_0.gender_type 
    from
        tbl_gender g1_0 
    where
        g1_0.id=?
Hibernate: 
    select
        null,
        g1_0.gender_type 
    from
        tbl_gender g1_0 
    where
        g1_0.id=?
Hibernate: 
    select
        null,
        g1_0.gender_type 
    from
        tbl_gender g1_0 
    where
        g1_0.id=?
Hibernate: 
    select
        null,
        g1_0.gender_type 
    from
        tbl_gender g1_0 
    where
        g1_0.id=?
Hibernate: 
    select
        null,
        g1_0.gender_type 
    from
        tbl_gender g1_0 
    where
        g1_0.id=?
Hibernate: 
    select
        null,
        g1_0.gender_type 
    from
        tbl_gender g1_0 
    where
        g1_0.id=?
Hibernate: 
    select
        null,
        g1_0.gender_type 
    from
        tbl_gender g1_0 
    where
        g1_0.id=?
Hibernate: 
    select
        null,
        g1_0.gender_type 
    from
        tbl_gender g1_0 
    where
        g1_0.id=?
Hibernate: 
    select
        null,
        g1_0.gender_type 
    from
        tbl_gender g1_0 
    where
        g1_0.id=?
Hibernate: 
    select
        null,
        g1_0.gender_type 
    from
        tbl_gender g1_0 
    where
        g1_0.id=?
Hibernate: 
    select
        null,
        g1_0.gender_type 
    from
        tbl_gender g1_0 
    where
        g1_0.id=?
Hibernate: 
    select
        null,
        g1_0.gender_type 
    from
        tbl_gender g1_0 
    where
        g1_0.id=?
Hibernate: 
    select
        null,
        g1_0.gender_type 
    from
        tbl_gender g1_0 
    where
        g1_0.id=?
Hibernate: 
    select
        null,
        g1_0.gender_type 
    from
        tbl_gender g1_0 
    where
        g1_0.id=?
Hibernate: 
    select
        null,
        g1_0.gender_type 
    from
        tbl_gender g1_0 
    where
        g1_0.id=?
Hibernate: 
    select
        null,
        g1_0.gender_type 
    from
        tbl_gender g1_0 
    where
        g1_0.id=?
Hibernate: 
    select
        null,
        g1_0.gender_type 
    from
        tbl_gender g1_0 
    where
        g1_0.id=?
Hibernate: 
    select
        null,
        g1_0.gender_type 
    from
        tbl_gender g1_0 
    where
        g1_0.id=?
Hibernate: 
    insert 
    into
        tbl_novel_genero
        (novel_id, genero_id) 
    values
        (?, ?)
Hibernate: 
    insert 
    into
        tbl_novel_genero
        (novel_id, genero_id) 
    values
        (?, ?)
Hibernate: 
    insert 
    into
        tbl_novel_genero
        (novel_id, genero_id) 
    values
        (?, ?)
Hibernate: 
    insert 
    into
        tbl_novel_genero
        (novel_id, genero_id) 
    values
        (?, ?)
Hibernate: 
    insert 
    into
        tbl_novel_genero
        (novel_id, genero_id) 
    values
        (?, ?)
Hibernate: 
    insert 
    into
        tbl_novel_genero
        (novel_id, genero_id) 
    values
        (?, ?)
Hibernate: 
    insert 
    into
        tbl_novel_genero
        (novel_id, genero_id) 
    values
        (?, ?)
Hibernate: 
    insert 
    into
        tbl_novel_genero
        (novel_id, genero_id) 
    values
        (?, ?)
Hibernate: 
    insert 
    into
        tbl_novel_genero
        (novel_id, genero_id) 
    values
        (?, ?)
Hibernate: 
    insert 
    into
        tbl_novel_genero
        (novel_id, genero_id) 
    values
        (?, ?)
Hibernate: 
    insert 
    into
        tbl_novel_genero
        (novel_id, genero_id) 
    values
        (?, ?)
Hibernate: 
    insert 
    into
        tbl_novel_genero
        (novel_id, genero_id) 
    values
        (?, ?)
Hibernate: 
    insert 
    into
        tbl_novel_genero
        (novel_id, genero_id) 
    values
        (?, ?)
Hibernate: 
    insert 
    into
        tbl_novel_genero
        (novel_id, genero_id) 
    values
        (?, ?)
Hibernate: 
    insert 
    into
        tbl_novel_genero
        (novel_id, genero_id) 
    values
        (?, ?)
Hibernate: 
    insert 
    into
        tbl_novel_genero
        (novel_id, genero_id) 
    values
        (?, ?)
Hibernate: 
    insert 
    into
        tbl_novel_genero
        (novel_id, genero_id) 
    values
        (?, ?)
Hibernate: 
    insert 
    into
        tbl_novel_genero
        (novel_id, genero_id) 
    values
        (?, ?)
Hibernate: 
    insert 
    into
        tbl_novel_genero
        (novel_id, genero_id) 
    values
        (?, ?)
Hibernate: 
    insert 
    into
        tbl_novel_genero
        (novel_id, genero_id) 
    values
        (?, ?)
Hibernate: 
    insert 
    into
        tbl_novel_genero
        (novel_id, genero_id) 
    values
        (?, ?)
Hibernate: 
    select
        n1_0.id,
        a1_0.id,
        a1_0.date_registrion,
        a1_0.email,
        a1_0.name,
        a1_0.password,
        a1_0.role,
        a1_0.username,
        n1_0.date_registrion,
        n1_0.image_uri,
        n1_0.novel_name,
        n1_0.synopsis 
    from
        tbl_novel n1_0 
    left join
        tbl_author a1_0 
            on a1_0.id=n1_0.author_id 
    where
        n1_0.id=?
Hibernate: 
    SELECT
        MAX(c.chapter_number) 
    FROM
        TBL_CHAPTER c 
    WHERE
        c.NOVEL_ID = ? 
Hibernate: 
    insert 
    into
        tbl_chapter
        (chapter_number, chapter_text, date_registration, novel_id, title, id) 
    values
        (?, ?, ?, ?, ?, default)
Hibernate: 
    select
        n1_0.id,
        n1_0.author_id,
        n1_0.date_registrion,
        n1_0.image_uri,
        n1_0.novel_name,
        n1_0.synopsis 
    from
        tbl_novel n1_0
Hibernate: 
    select
        a1_0.id,
        a1_0.date_registrion,
        a1_0.email,
        a1_0.name,
        a1_0.password,
        a1_0.role,
        a1_0.username 
    from
        tbl_author a1_0 
    where
        a1_0.id=?
Hibernate: 
    select
        a1_0.id,
        a1_0.date_registrion,
        a1_0.email,
        a1_0.name,
        a1_0.password,
        a1_0.role,
        a1_0.username 
    from
        tbl_author a1_0 
    where
        a1_0.id=?
Hibernate: 
    select
        a1_0.id,
        a1_0.date_registrion,
        a1_0.email,
        a1_0.name,
        a1_0.password,
        a1_0.role,
        a1_0.username 
    from
        tbl_author a1_0 
    where
        a1_0.id=?
Hibernate: 
    select
        a1_0.id,
        a1_0.date_registrion,
        a1_0.email,
        a1_0.name,
        a1_0.password,
        a1_0.role,
        a1_0.username 
    from
        tbl_author a1_0 
    where
        a1_0.id=?
Hibernate: 
    delete 
    from
        tbl_novel_genero 
    where
        novel_id=?
Hibernate: 
    delete 
    from
        tbl_novel_genero 
    where
        novel_id=?
Hibernate: 
    delete 
    from
        tbl_novel_genero 
    where
        novel_id=?
Hibernate: 
    delete 
    from
        tbl_novel_genero 
    where
        novel_id=?
Hibernate: 
    delete 
    from
        tbl_novel 
    where
        id=?
2025-07-07T19:37:04.732-03:00  WARN 17416 --- [           main] o.h.engine.jdbc.spi.SqlExceptionHelper   : SQL Error: 23503, SQLState: 23503
2025-07-07T19:37:04.733-03:00 ERROR 17416 --- [           main] o.h.engine.jdbc.spi.SqlExceptionHelper   : Referential integrity constraint violation: "FKHPVQ0GSFE3OJ63L3SWGHVW9RF: PUBLIC.TBL_CHAPTER FOREIGN KEY(NOVEL_ID) REFERENCES PUBLIC.TBL_NOVEL(ID) (CAST(1 AS BIGINT))"; SQL statement:
delete from tbl_novel where id=? [23503-232]
]]></system-out>
  </testcase>
  <testcase name="login" classname="com.novelsbr.backend.controllers.AuthControllerTest" time="0.812">
    <failure message="Status expected:&lt;200&gt; but was:&lt;403&gt;" type="java.lang.AssertionError"><![CDATA[java.lang.AssertionError: Status expected:<200> but was:<403>
	at org.springframework.test.util.AssertionErrors.fail(AssertionErrors.java:61)
	at org.springframework.test.util.AssertionErrors.assertEquals(AssertionErrors.java:128)
	at org.springframework.test.web.servlet.result.StatusResultMatchers.lambda$matcher$9(StatusResultMatchers.java:640)
	at org.springframework.test.web.servlet.MockMvc$1.andExpect(MockMvc.java:214)
	at com.novelsbr.backend.controllers.AuthControllerTest.login(AuthControllerTest.java:89)
	at java.base/java.lang.reflect.Method.invoke(Method.java:568)
	at java.base/java.util.ArrayList.forEach(ArrayList.java:1511)
	at java.base/java.util.ArrayList.forEach(ArrayList.java:1511)
]]></failure>
    <system-out><![CDATA[Hibernate: 
    select
        a1_0.id,
        a1_0.date_registrion,
        a1_0.email,
        a1_0.name,
        a1_0.password,
        a1_0.role,
        a1_0.username 
    from
        tbl_author a1_0 
    where
        a1_0.username=?

MockHttpServletRequest:
      HTTP Method = POST
      Request URI = /auth/login
       Parameters = {}
          Headers = [Content-Type:"application/json;charset=UTF-8", Content-Length:"37"]
             Body = {"login":"AllStar","password":"1234"}
    Session Attrs = {}

Handler:
             Type = com.novelsbr.backend.web.controllers.AuthController
           Method = com.novelsbr.backend.web.controllers.AuthController#login(LoginRequest)

Async:
    Async started = false
     Async result = null

Resolved Exception:
             Type = null

ModelAndView:
        View name = null
             View = null
            Model = null

FlashMap:
       Attributes = null

MockHttpServletResponse:
           Status = 403
    Error message = Access Denied
          Headers = [Vary:"Origin", "Access-Control-Request-Method", "Access-Control-Request-Headers", X-Content-Type-Options:"nosniff", X-XSS-Protection:"0", Cache-Control:"no-cache, no-store, max-age=0, must-revalidate", Pragma:"no-cache", Expires:"0"]
     Content type = null
             Body = 
    Forwarded URL = null
   Redirected URL = null
          Cookies = []
]]></system-out>
  </testcase>
</testsuite>