<?xml version="1.0" encoding="UTF-8"?>
<testsuite xmlns:xsi="http://www.w3.org/2001/XMLSchema-instance" xsi:noNamespaceSchemaLocation="https://maven.apache.org/surefire/maven-surefire-plugin/xsd/surefire-test-report.xsd" version="3.0.2" name="com.novelsbr.backend.services.NovelServiceTest" time="0.108" tests="7" errors="4" skipped="0" failures="0">
  <properties>
[...]
</properties>
  <testcase name="preparingTestEnvironment" classname="com.novelsbr.backend.services.NovelServiceTest" time="0.017">
    <error message="Identifier of entity &apos;com.novelsbr.backend.domain.entities.Gender&apos; must be manually assigned before calling &apos;persist()&apos;" type="org.springframework.orm.jpa.JpaSystemException"><![CDATA[org.springframework.orm.jpa.JpaSystemException: Identifier of entity 'com.novelsbr.backend.domain.entities.Gender' must be manually assigned before calling 'persist()'
	at org.springframework.orm.jpa.vendor.HibernateJpaDialect.convertHibernateAccessException(HibernateJpaDialect.java:341)
	at org.springframework.orm.jpa.vendor.HibernateJpaDialect.translateExceptionIfPossible(HibernateJpaDialect.java:241)
	at org.springframework.orm.jpa.AbstractEntityManagerFactoryBean.translateExceptionIfPossible(AbstractEntityManagerFactoryBean.java:560)
	at org.springframework.dao.support.ChainedPersistenceExceptionTranslator.translateExceptionIfPossible(ChainedPersistenceExceptionTranslator.java:61)
	at org.springframework.dao.support.DataAccessUtils.translateIfNecessary(DataAccessUtils.java:343)
	at org.springframework.dao.support.PersistenceExceptionTranslationInterceptor.invoke(PersistenceExceptionTranslationInterceptor.java:160)
	at org.springframework.aop.framework.ReflectiveMethodInvocation.proceed(ReflectiveMethodInvocation.java:184)
	at org.springframework.data.jpa.repository.support.CrudMethodMetadataPostProcessor$CrudMethodMetadataPopulatingMethodInterceptor.invoke(CrudMethodMetadataPostProcessor.java:165)
	at org.springframework.aop.framework.ReflectiveMethodInvocation.proceed(ReflectiveMethodInvocation.java:184)
	at org.springframework.aop.framework.JdkDynamicAopProxy.invoke(JdkDynamicAopProxy.java:223)
	at jdk.proxy2/jdk.proxy2.$Proxy144.saveAll(Unknown Source)
	at com.novelsbr.backend.services.NovelServiceTest.preparingTestEnvironment(NovelServiceTest.java:67)
	at java.base/java.lang.reflect.Method.invoke(Method.java:568)
	at java.base/java.util.ArrayList.forEach(ArrayList.java:1511)
	at java.base/java.util.ArrayList.forEach(ArrayList.java:1511)
Caused by: org.hibernate.id.IdentifierGenerationException: Identifier of entity 'com.novelsbr.backend.domain.entities.Gender' must be manually assigned before calling 'persist()'
	at org.hibernate.event.internal.AbstractSaveEventListener.performSave(AbstractSaveEventListener.java:208)
	at org.hibernate.event.internal.AbstractSaveEventListener.saveWithGeneratedId(AbstractSaveEventListener.java:136)
	at org.hibernate.event.internal.DefaultPersistEventListener.entityIsTransient(DefaultPersistEventListener.java:177)
	at org.hibernate.event.internal.DefaultPersistEventListener.persist(DefaultPersistEventListener.java:95)
	at org.hibernate.event.internal.DefaultPersistEventListener.onPersist(DefaultPersistEventListener.java:79)
	at org.hibernate.event.internal.DefaultPersistEventListener.onPersist(DefaultPersistEventListener.java:55)
	at org.hibernate.event.service.internal.EventListenerGroupImpl.fireEventOnEachListener(EventListenerGroupImpl.java:127)
	at org.hibernate.internal.SessionImpl.firePersist(SessionImpl.java:761)
	at org.hibernate.internal.SessionImpl.persist(SessionImpl.java:745)
	at jdk.internal.reflect.GeneratedMethodAccessor65.invoke(Unknown Source)
	at java.base/jdk.internal.reflect.DelegatingMethodAccessorImpl.invoke(DelegatingMethodAccessorImpl.java:43)
	at java.base/java.lang.reflect.Method.invoke(Method.java:568)
	at org.springframework.orm.jpa.SharedEntityManagerCreator$SharedEntityManagerInvocationHandler.invoke(SharedEntityManagerCreator.java:320)
	at jdk.proxy2/jdk.proxy2.$Proxy136.persist(Unknown Source)
	at org.springframework.data.jpa.repository.support.SimpleJpaRepository.save(SimpleJpaRepository.java:636)
	at org.springframework.data.jpa.repository.support.SimpleJpaRepository.saveAll(SimpleJpaRepository.java:662)
	at java.base/jdk.internal.reflect.NativeMethodAccessorImpl.invoke0(Native Method)
	at java.base/jdk.internal.reflect.NativeMethodAccessorImpl.invoke(NativeMethodAccessorImpl.java:77)
	at java.base/jdk.internal.reflect.DelegatingMethodAccessorImpl.invoke(DelegatingMethodAccessorImpl.java:43)
	at java.base/java.lang.reflect.Method.invoke(Method.java:568)
	at org.springframework.aop.support.AopUtils.invokeJoinpointUsingReflection(AopUtils.java:359)
	at org.springframework.data.repository.core.support.RepositoryMethodInvoker$RepositoryFragmentMethodInvoker.lambda$new$0(RepositoryMethodInvoker.java:277)
	at org.springframework.data.repository.core.support.RepositoryMethodInvoker.doInvoke(RepositoryMethodInvoker.java:170)
	at org.springframework.data.repository.core.support.RepositoryMethodInvoker.invoke(RepositoryMethodInvoker.java:158)
	at org.springframework.data.repository.core.support.RepositoryComposition$RepositoryFragments.invoke(RepositoryComposition.java:515)
	at org.springframework.data.repository.core.support.RepositoryComposition.invoke(RepositoryComposition.java:284)
	at org.springframework.data.repository.core.support.RepositoryFactorySupport$ImplementationMethodExecutionInterceptor.invoke(RepositoryFactorySupport.java:731)
	at org.springframework.aop.framework.ReflectiveMethodInvocation.proceed(ReflectiveMethodInvocation.java:184)
	at org.springframework.data.repository.core.support.QueryExecutorMethodInterceptor.doInvoke(QueryExecutorMethodInterceptor.java:174)
	at org.springframework.data.repository.core.support.QueryExecutorMethodInterceptor.invoke(QueryExecutorMethodInterceptor.java:149)
	at org.springframework.aop.framework.ReflectiveMethodInvocation.proceed(ReflectiveMethodInvocation.java:184)
	at org.springframework.data.projection.DefaultMethodInvokingMethodInterceptor.invoke(DefaultMethodInvokingMethodInterceptor.java:69)
	at org.springframework.aop.framework.ReflectiveMethodInvocation.proceed(ReflectiveMethodInvocation.java:184)
	at org.springframework.transaction.interceptor.TransactionAspectSupport.invokeWithinTransaction(TransactionAspectSupport.java:380)
	at org.springframework.transaction.interceptor.TransactionInterceptor.invoke(TransactionInterceptor.java:119)
	at org.springframework.aop.framework.ReflectiveMethodInvocation.proceed(ReflectiveMethodInvocation.java:184)
	at org.springframework.dao.support.PersistenceExceptionTranslationInterceptor.invoke(PersistenceExceptionTranslationInterceptor.java:138)
	... 9 more
]]></error>
    <system-out><![CDATA[2025-06-19T13:39:32.030-03:00  INFO 32 --- [           main] t.c.s.AnnotationConfigContextLoaderUtils : Could not detect default configuration classes for test class [com.novelsbr.backend.services.NovelServiceTest]: NovelServiceTest does not declare any static, non-private, non-final, nested classes annotated with @Configuration.
2025-06-19T13:39:32.033-03:00  INFO 32 --- [           main] .b.t.c.SpringBootTestContextBootstrapper : Found @SpringBootConfiguration com.novelsbr.backend.BackendApplication for test class com.novelsbr.backend.services.NovelServiceTest
Hibernate: 
    select
        n1_0.id,
        n1_0.author_id,
        n1_0.date_registrion,
        n1_0.image_uri,
        n1_0.novel_name,
        n1_0.synopsis 
    from
        tbl_novel n1_0
Hibernate: 
    select
        g1_0.id,
        g1_0.gender_type 
    from
        tbl_gender g1_0
Hibernate: 
    select
        a1_0.id,
        a1_0.date_registrion,
        a1_0.email,
        a1_0.name,
        a1_0.password,
        a1_0.role,
        a1_0.username 
    from
        tbl_author a1_0
]]></system-out>
  </testcase>
  <testcase name="save" classname="com.novelsbr.backend.services.NovelServiceTest" time="0.011">
    <error message="Index 0 out of bounds for length 0" type="java.lang.IndexOutOfBoundsException"><![CDATA[java.lang.IndexOutOfBoundsException: Index 0 out of bounds for length 0
	at java.base/jdk.internal.util.Preconditions.outOfBounds(Preconditions.java:64)
	at java.base/jdk.internal.util.Preconditions.outOfBoundsCheckIndex(Preconditions.java:70)
	at java.base/jdk.internal.util.Preconditions.checkIndex(Preconditions.java:266)
	at java.base/java.util.Objects.checkIndex(Objects.java:359)
	at java.base/java.util.ArrayList.get(ArrayList.java:427)
	at com.novelsbr.backend.services.NovelServiceTest.save(NovelServiceTest.java:75)
	at java.base/java.lang.reflect.Method.invoke(Method.java:568)
	at java.base/java.util.ArrayList.forEach(ArrayList.java:1511)
	at java.base/java.util.ArrayList.forEach(ArrayList.java:1511)
]]></error>
    <system-out><![CDATA[Hibernate: 
    select
        a1_0.id,
        a1_0.date_registrion,
        a1_0.email,
        a1_0.name,
        a1_0.password,
        a1_0.role,
        a1_0.username 
    from
        tbl_author a1_0
]]></system-out>
  </testcase>
  <testcase name="findAll" classname="com.novelsbr.backend.services.NovelServiceTest" time="0.017">
    <system-out><![CDATA[Hibernate: 
    select
        n1_0.id,
        n1_0.author_id,
        n1_0.date_registrion,
        n1_0.image_uri,
        n1_0.novel_name,
        n1_0.synopsis 
    from
        tbl_novel n1_0
Hibernate: 
    select
        count(*) 
    from
        tbl_novel n1_0
]]></system-out>
  </testcase>
  <testcase name="findNovelById" classname="com.novelsbr.backend.services.NovelServiceTest" time="0.01">
    <error message="Index 0 out of bounds for length 0" type="java.lang.IndexOutOfBoundsException"><![CDATA[java.lang.IndexOutOfBoundsException: Index 0 out of bounds for length 0
	at java.base/jdk.internal.util.Preconditions.outOfBounds(Preconditions.java:64)
	at java.base/jdk.internal.util.Preconditions.outOfBoundsCheckIndex(Preconditions.java:70)
	at java.base/jdk.internal.util.Preconditions.checkIndex(Preconditions.java:266)
	at java.base/java.util.Objects.checkIndex(Objects.java:359)
	at java.base/java.util.ArrayList.get(ArrayList.java:427)
	at com.novelsbr.backend.services.NovelServiceTest.findNovelById(NovelServiceTest.java:105)
	at java.base/java.lang.reflect.Method.invoke(Method.java:568)
	at java.base/java.util.ArrayList.forEach(ArrayList.java:1511)
	at java.base/java.util.ArrayList.forEach(ArrayList.java:1511)
]]></error>
    <system-out><![CDATA[Hibernate: 
    select
        n1_0.id,
        n1_0.author_id,
        n1_0.date_registrion,
        n1_0.image_uri,
        n1_0.novel_name,
        n1_0.synopsis 
    from
        tbl_novel n1_0
]]></system-out>
  </testcase>
  <testcase name="findNovelInfoByNovelId" classname="com.novelsbr.backend.services.NovelServiceTest" time="0.009">
    <error message="Index 0 out of bounds for length 0" type="java.lang.IndexOutOfBoundsException"><![CDATA[java.lang.IndexOutOfBoundsException: Index 0 out of bounds for length 0
	at java.base/jdk.internal.util.Preconditions.outOfBounds(Preconditions.java:64)
	at java.base/jdk.internal.util.Preconditions.outOfBoundsCheckIndex(Preconditions.java:70)
	at java.base/jdk.internal.util.Preconditions.checkIndex(Preconditions.java:266)
	at java.base/java.util.Objects.checkIndex(Objects.java:359)
	at java.base/java.util.ArrayList.get(ArrayList.java:427)
	at com.novelsbr.backend.services.NovelServiceTest.findNovelInfoByNovelId(NovelServiceTest.java:124)
	at java.base/java.lang.reflect.Method.invoke(Method.java:568)
	at java.base/java.util.ArrayList.forEach(ArrayList.java:1511)
	at java.base/java.util.ArrayList.forEach(ArrayList.java:1511)
]]></error>
    <system-out><![CDATA[Hibernate: 
    select
        n1_0.id,
        n1_0.author_id,
        n1_0.date_registrion,
        n1_0.image_uri,
        n1_0.novel_name,
        n1_0.synopsis 
    from
        tbl_novel n1_0
]]></system-out>
  </testcase>
  <testcase name="findNovelCardsByUsername" classname="com.novelsbr.backend.services.NovelServiceTest" time="0.012">
    <system-out><![CDATA[Hibernate: 
    SELECT
        n.id AS novel_id,
        a.id AS author_id,
        n.novel_name,
        a.username,
        n.image_uri 
    FROM
        TBL_NOVEL AS n 
    INNER JOIN
        TBL_AUTHOR AS a 
            ON a.id = n.author_id 
    WHERE
        a.username = ? 
Hibernate: 
    SELECT
        n.id AS novel_id,
        a.id AS author_id,
        n.novel_name,
        a.username,
        n.image_uri 
    FROM
        TBL_NOVEL AS n 
    INNER JOIN
        TBL_AUTHOR AS a 
            ON a.id = n.author_id 
    LIMIT
        4 
]]></system-out>
  </testcase>
  <testcase name="findNovelCards" classname="com.novelsbr.backend.services.NovelServiceTest" time="0.009">
    <system-out><![CDATA[Hibernate: 
    SELECT
        n.id AS novel_id,
        a.id AS author_id,
        n.novel_name,
        a.username,
        n.image_uri 
    FROM
        TBL_NOVEL AS n 
    INNER JOIN
        TBL_AUTHOR AS a 
            ON a.id = n.author_id 
    LIMIT
        4 
Hibernate: 
    SELECT
        n.id AS novel_id,
        a.id AS author_id,
        n.novel_name,
        a.username,
        n.image_uri 
    FROM
        TBL_NOVEL AS n 
    INNER JOIN
        TBL_AUTHOR AS a 
            ON a.id = n.author_id 
    LIMIT
        4 
]]></system-out>
  </testcase>
</testsuite>